<?xml version="1.0" encoding="UTF-8"?>
<testsuites name="TS001_create new Mitra (negative)" time="120.908" tests="1" failures="0" errors="0">
   <testsuite name="TS001_create new Mitra (negative)" tests="1" failures="0" errors="0" time="120.908" skipped="0" timestamp="2023-07-20 21:24:30" hostname="topindoku - localhost" id="Test Suites/Mobile/Test Suites/TS001_create new Mitra (negative)">
      <properties>
         <property name="deviceName" value="samsung SM-G996B (Android 13)"/>
         <property name="devicePlatform" value=""/>
         <property name="logFolder" value="/Users/topindoku/git/Mobile-UI-Test-with-Katalon-Studio/Reports/20230720_212421/Mobile/Test Suites/TS001_create new Mitra (negative)/20230720_212421"/>
         <property name="logFiles" value="/Users/topindoku/git/Mobile-UI-Test-with-Katalon-Studio/Reports/20230720_212421/Mobile/Test Suites/TS001_create new Mitra (negative)/20230720_212421/execution0.log, /Users/topindoku/git/Mobile-UI-Test-with-Katalon-Studio/Reports/20230720_212421/Mobile/Test Suites/TS001_create new Mitra (negative)/20230720_212421/appium.log"/>
         <property name="attachments" value=""/>
         <property name="hostName" value="topindoku - localhost"/>
         <property name="os" value="Mac OS X 64bit"/>
         <property name="appiumServerStatus" value="{&quot;value&quot;:{&quot;build&quot;:{&quot;version&quot;:&quot;1.22.3&quot;}},&quot;sessionId&quot;:null,&quot;status&quot;:0}"/>
         <property name="katalonVersion" value="8.6.5.208"/>
         <property name="deviceOS" value="Android"/>
         <property name="appiumVersion" value="1.22.3"/>
         <property name="deviceModel" value="SM-G996B"/>
         <property name="hostAddress" value="127.0.0.1"/>
         <property name="deviceManufacturer" value="samsung"/>
         <property name="deviceId" value="RRCR4008JAE"/>
         <property name="deviceName" value="samsung SM-G996B (Android 13)"/>
         <property name="deviceOSVersion" value="13"/>
      </properties>
      <testcase name="Test Cases/Mobile Test Case/MTC001_create new Mitra (negative)" time="120.57" classname="Test Cases/Mobile Test Case/MTC001_create new Mitra (negative)" status="PASSED">
         <system-out><![CDATA[2023-07-20 21:24:30 - [TEST_CASE][PASSED] - Test Cases/Mobile Test Case/MTC001_create new Mitra (negative): Test Cases/Mobile Test Case/MTC001_create new Mitra (negative)

2023-07-20 21:24:31 - [TEST_STEP][PASSED] - faker = new com.github.javafaker.Faker(new java.util.Locale(in-ID)): null

2023-07-20 21:24:31 - [TEST_STEP][PASSED] - fullname = name().fullName(): null

2023-07-20 21:24:31 - [TEST_STEP][PASSED] - phonenum = phoneNumber().phoneNumber(): null

2023-07-20 21:24:31 - [TEST_STEP][PASSED] - phonenum = phonenum.replace("-", ""): null

2023-07-20 21:24:31 - [TEST_STEP][PASSED] - phonenum = phonenum.replace("+62", "0"): null

2023-07-20 21:24:31 - [TEST_STEP][PASSED] - phonenum = phonenum.replace("080", "088"): null

2023-07-20 21:24:31 - [TEST_STEP][PASSED] - address = address().fullAddress(): null

2023-07-20 21:24:31 - [TEST_STEP][PASSED] - startExistingApplication(AppID): Starting app with application ID: 'com.topindo.android'

2023-07-20 21:24:32 - [MESSAGE][INFO] - Detected NodeJS location: "/opt/homebrew/Cellar/node/20.1.0/bin/node"

2023-07-20 21:24:33 - [MESSAGE][INFO] - Appium server started on port 55,748

2023-07-20 21:24:44 - [MESSAGE][PASSED] - Starting app with application ID: 'com.topindo.android'

2023-07-20 21:24:44 - [TEST_STEP][PASSED] - tap(findTestObject("Object Repository/Mobile Repository/Create New Mitra/android.widget.TextView - Kemitraan"), 0): Tapped on element 'Object Repository/Mobile Repository/Create New Mitra/android.widget.TextView - Kemitraan'

2023-07-20 21:24:45 - [MESSAGE][WARNING] - Timeout '0' is invalid. Using default page load timeout: '10'

2023-07-20 21:24:55 - [MESSAGE][PASSED] - Tapped on element 'Object Repository/Mobile Repository/Create New Mitra/android.widget.TextView - Kemitraan'

2023-07-20 21:24:55 - [TEST_STEP][PASSED] - tap(findTestObject("Object Repository/Mobile Repository/Create New Mitra/android.widget.TextView - Mitra Saya"), 0): Tapped on element 'Object Repository/Mobile Repository/Create New Mitra/android.widget.TextView - Mitra Saya'

2023-07-20 21:24:55 - [MESSAGE][WARNING] - Timeout '0' is invalid. Using default page load timeout: '10'

2023-07-20 21:24:56 - [MESSAGE][PASSED] - Tapped on element 'Object Repository/Mobile Repository/Create New Mitra/android.widget.TextView - Mitra Saya'

2023-07-20 21:24:56 - [TEST_STEP][PASSED] - tap(findTestObject("Object Repository/Mobile Repository/Create New Mitra/android.widget.ImageButton (add button)"), 0): Tapped on element 'Object Repository/Mobile Repository/Create New Mitra/android.widget.ImageButton (add button)'

2023-07-20 21:24:56 - [MESSAGE][WARNING] - Timeout '0' is invalid. Using default page load timeout: '10'

2023-07-20 21:24:58 - [MESSAGE][PASSED] - Tapped on element 'Object Repository/Mobile Repository/Create New Mitra/android.widget.ImageButton (add button)'

2023-07-20 21:24:58 - [TEST_STEP][PASSED] - verifyElementText(findTestObject("Object Repository/Mobile Repository/Create New Mitra/android.widget.TextView - Tambahkan Mitra"), "Tambahkan Mitra"): Actual text and expected text of test object 'Object Repository/Mobile Repository/Create New Mitra/android.widget.TextView - Tambahkan Mitra' are matched.

2023-07-20 21:24:58 - [MESSAGE][PASSED] - Actual text and expected text of test object 'Object Repository/Mobile Repository/Create New Mitra/android.widget.TextView - Tambahkan Mitra' are matched.

2023-07-20 21:24:58 - [TEST_STEP][PASSED] - verifyElementText(findTestObject("Object Repository/Mobile Repository/Create New Mitra/android.widget.TextView - Nama Lengkap"), "Nama Lengkap"): Actual text and expected text of test object 'Object Repository/Mobile Repository/Create New Mitra/android.widget.TextView - Nama Lengkap' are matched.

2023-07-20 21:24:58 - [MESSAGE][PASSED] - Actual text and expected text of test object 'Object Repository/Mobile Repository/Create New Mitra/android.widget.TextView - Nama Lengkap' are matched.

2023-07-20 21:24:58 - [TEST_STEP][PASSED] - verifyElementVisible(findTestObject("Mobile Repository/Create New Mitra/android.widget.EditText - Masukkan Nama Lengkap"), 0): Element 'Object Repository/Mobile Repository/Create New Mitra/android.widget.EditText - Masukkan Nama Lengkap' is visible

2023-07-20 21:24:58 - [MESSAGE][WARNING] - Timeout '0' is invalid. Using default page load timeout: '10'

2023-07-20 21:24:58 - [MESSAGE][PASSED] - Element 'Object Repository/Mobile Repository/Create New Mitra/android.widget.EditText - Masukkan Nama Lengkap' is visible

2023-07-20 21:24:58 - [TEST_STEP][PASSED] - verifyElementText(findTestObject("Mobile Repository/Create New Mitra/android.widget.TextView - Nomor Telepon"), "Nomor Telepon"): Actual text and expected text of test object 'Object Repository/Mobile Repository/Create New Mitra/android.widget.TextView - Nomor Telepon' are matched.

2023-07-20 21:24:59 - [MESSAGE][PASSED] - Actual text and expected text of test object 'Object Repository/Mobile Repository/Create New Mitra/android.widget.TextView - Nomor Telepon' are matched.

2023-07-20 21:24:59 - [TEST_STEP][PASSED] - verifyElementVisible(findTestObject("Object Repository/Mobile Repository/Create New Mitra/android.widget.EditText - Masukkan Nomor Telepon"), 0): Element 'Object Repository/Mobile Repository/Create New Mitra/android.widget.EditText - Masukkan Nomor Telepon' is visible

2023-07-20 21:24:59 - [MESSAGE][WARNING] - Timeout '0' is invalid. Using default page load timeout: '10'

2023-07-20 21:24:59 - [MESSAGE][PASSED] - Element 'Object Repository/Mobile Repository/Create New Mitra/android.widget.EditText - Masukkan Nomor Telepon' is visible

2023-07-20 21:24:59 - [TEST_STEP][PASSED] - verifyElementVisible(findTestObject("Mobile Repository/Create New Mitra/android.widget.ImageButton (contact book button)"), 0): Element 'Object Repository/Mobile Repository/Create New Mitra/android.widget.ImageButton (contact book button)' is visible

2023-07-20 21:24:59 - [MESSAGE][WARNING] - Timeout '0' is invalid. Using default page load timeout: '10'

2023-07-20 21:24:59 - [MESSAGE][PASSED] - Element 'Object Repository/Mobile Repository/Create New Mitra/android.widget.ImageButton (contact book button)' is visible

2023-07-20 21:24:59 - [TEST_STEP][PASSED] - verifyElementText(findTestObject("Object Repository/Mobile Repository/Create New Mitra/android.widget.TextView - Provinsi"), "Provinsi"): Actual text and expected text of test object 'Object Repository/Mobile Repository/Create New Mitra/android.widget.TextView - Provinsi' are matched.

2023-07-20 21:25:00 - [MESSAGE][PASSED] - Actual text and expected text of test object 'Object Repository/Mobile Repository/Create New Mitra/android.widget.TextView - Provinsi' are matched.

2023-07-20 21:25:00 - [TEST_STEP][PASSED] - verifyElementVisible(findTestObject("Object Repository/Mobile Repository/Create New Mitra/android.widget.TextView - Pilih Provinsi"), 0): Element 'Object Repository/Mobile Repository/Create New Mitra/android.widget.TextView - Pilih Provinsi' is visible

2023-07-20 21:25:00 - [MESSAGE][WARNING] - Timeout '0' is invalid. Using default page load timeout: '10'

2023-07-20 21:25:01 - [MESSAGE][PASSED] - Element 'Object Repository/Mobile Repository/Create New Mitra/android.widget.TextView - Pilih Provinsi' is visible

2023-07-20 21:25:01 - [TEST_STEP][PASSED] - verifyElementText(findTestObject("Object Repository/Mobile Repository/Create New Mitra/android.widget.TextView - Kota"), "Kota"): Actual text and expected text of test object 'Object Repository/Mobile Repository/Create New Mitra/android.widget.TextView - Kota' are matched.

2023-07-20 21:25:01 - [MESSAGE][PASSED] - Actual text and expected text of test object 'Object Repository/Mobile Repository/Create New Mitra/android.widget.TextView - Kota' are matched.

2023-07-20 21:25:01 - [TEST_STEP][PASSED] - verifyElementVisible(findTestObject("Object Repository/Mobile Repository/Create New Mitra/android.widget.TextView - Pilih Kota"), 0): Element 'Object Repository/Mobile Repository/Create New Mitra/android.widget.TextView - Pilih Kota' is visible

2023-07-20 21:25:01 - [MESSAGE][WARNING] - Timeout '0' is invalid. Using default page load timeout: '10'

2023-07-20 21:25:01 - [MESSAGE][PASSED] - Element 'Object Repository/Mobile Repository/Create New Mitra/android.widget.TextView - Pilih Kota' is visible

2023-07-20 21:25:01 - [TEST_STEP][PASSED] - verifyElementText(findTestObject("Object Repository/Mobile Repository/Create New Mitra/android.widget.TextView - Kecamatan"), "Kecamatan"): Actual text and expected text of test object 'Object Repository/Mobile Repository/Create New Mitra/android.widget.TextView - Kecamatan' are matched.

2023-07-20 21:25:01 - [MESSAGE][PASSED] - Actual text and expected text of test object 'Object Repository/Mobile Repository/Create New Mitra/android.widget.TextView - Kecamatan' are matched.

2023-07-20 21:25:01 - [TEST_STEP][PASSED] - verifyElementVisible(findTestObject("Object Repository/Mobile Repository/Create New Mitra/android.widget.TextView - Pilih Kecamatan"), 0): Element 'Object Repository/Mobile Repository/Create New Mitra/android.widget.TextView - Pilih Kecamatan' is visible

2023-07-20 21:25:01 - [MESSAGE][WARNING] - Timeout '0' is invalid. Using default page load timeout: '10'

2023-07-20 21:25:02 - [MESSAGE][PASSED] - Element 'Object Repository/Mobile Repository/Create New Mitra/android.widget.TextView - Pilih Kecamatan' is visible

2023-07-20 21:25:02 - [TEST_STEP][PASSED] - swipe(56, 1657, 56, 371): Swiped from 56,1,657 to 56,371

2023-07-20 21:25:03 - [MESSAGE][PASSED] - Swiped from 56,1,657 to 56,371

2023-07-20 21:25:03 - [TEST_STEP][PASSED] - verifyElementText(findTestObject("Object Repository/Mobile Repository/Create New Mitra/android.widget.TextView - Alamat Mitra"), "Alamat Mitra"): Actual text and expected text of test object 'Object Repository/Mobile Repository/Create New Mitra/android.widget.TextView - Alamat Mitra' are matched.

2023-07-20 21:25:03 - [MESSAGE][PASSED] - Actual text and expected text of test object 'Object Repository/Mobile Repository/Create New Mitra/android.widget.TextView - Alamat Mitra' are matched.

2023-07-20 21:25:03 - [TEST_STEP][PASSED] - verifyElementVisible(findTestObject("Object Repository/Mobile Repository/Create New Mitra/android.widget.EditText - Masukkan Alamat Mitra"), 0): Element 'Object Repository/Mobile Repository/Create New Mitra/android.widget.EditText - Masukkan Alamat Mitra' is visible

2023-07-20 21:25:03 - [MESSAGE][WARNING] - Timeout '0' is invalid. Using default page load timeout: '10'

2023-07-20 21:25:03 - [MESSAGE][PASSED] - Element 'Object Repository/Mobile Repository/Create New Mitra/android.widget.EditText - Masukkan Alamat Mitra' is visible

2023-07-20 21:25:03 - [TEST_STEP][PASSED] - verifyElementText(findTestObject("Object Repository/Mobile Repository/Create New Mitra/android.widget.TextView - Kode POS"), "Kode POS"): Actual text and expected text of test object 'Object Repository/Mobile Repository/Create New Mitra/android.widget.TextView - Kode POS' are matched.

2023-07-20 21:25:03 - [MESSAGE][PASSED] - Actual text and expected text of test object 'Object Repository/Mobile Repository/Create New Mitra/android.widget.TextView - Kode POS' are matched.

2023-07-20 21:25:03 - [TEST_STEP][PASSED] - verifyElementVisible(findTestObject("Object Repository/Mobile Repository/Create New Mitra/android.widget.EditText - Masukkan Kode POS"), 0): Element 'Object Repository/Mobile Repository/Create New Mitra/android.widget.EditText - Masukkan Kode POS' is visible

2023-07-20 21:25:03 - [MESSAGE][WARNING] - Timeout '0' is invalid. Using default page load timeout: '10'

2023-07-20 21:25:03 - [MESSAGE][PASSED] - Element 'Object Repository/Mobile Repository/Create New Mitra/android.widget.EditText - Masukkan Kode POS' is visible

2023-07-20 21:25:03 - [TEST_STEP][PASSED] - verifyElementText(findTestObject("Object Repository/Mobile Repository/Create New Mitra/android.widget.TextView - Markup Harga"), "Markup Harga"): Actual text and expected text of test object 'Object Repository/Mobile Repository/Create New Mitra/android.widget.TextView - Markup Harga' are matched.

2023-07-20 21:25:04 - [MESSAGE][PASSED] - Actual text and expected text of test object 'Object Repository/Mobile Repository/Create New Mitra/android.widget.TextView - Markup Harga' are matched.

2023-07-20 21:25:04 - [TEST_STEP][PASSED] - verifyElementVisible(findTestObject("Mobile Repository/Create New Mitra/android.widget.EditText - Masukkan markup harga"), 0): Element 'Object Repository/Mobile Repository/Create New Mitra/android.widget.EditText - Masukkan markup harga' is visible

2023-07-20 21:25:04 - [MESSAGE][WARNING] - Timeout '0' is invalid. Using default page load timeout: '10'

2023-07-20 21:25:04 - [MESSAGE][PASSED] - Element 'Object Repository/Mobile Repository/Create New Mitra/android.widget.EditText - Masukkan markup harga' is visible

2023-07-20 21:25:04 - [TEST_STEP][PASSED] - verifyElementVisible(findTestObject("Object Repository/Mobile Repository/Create New Mitra/android.widget.Button - Simpan"), 0): Element 'Object Repository/Mobile Repository/Create New Mitra/android.widget.Button - Simpan' is visible

2023-07-20 21:25:04 - [MESSAGE][WARNING] - Timeout '0' is invalid. Using default page load timeout: '10'

2023-07-20 21:25:04 - [MESSAGE][PASSED] - Element 'Object Repository/Mobile Repository/Create New Mitra/android.widget.Button - Simpan' is visible

2023-07-20 21:25:04 - [TEST_STEP][PASSED] - swipe(56, 371, 56, 1657): Swiped from 56,371 to 56,1,657

2023-07-20 21:25:05 - [MESSAGE][PASSED] - Swiped from 56,371 to 56,1,657

2023-07-20 21:25:05 - [TEST_STEP][PASSED] - tap(findTestObject("Mobile Repository/Create New Mitra/android.widget.EditText - Masukkan Nama Lengkap"), 0, STOP_ON_FAILURE): Tapped on element 'Object Repository/Mobile Repository/Create New Mitra/android.widget.EditText - Masukkan Nama Lengkap'

2023-07-20 21:25:05 - [MESSAGE][WARNING] - Timeout '0' is invalid. Using default page load timeout: '10'

2023-07-20 21:25:06 - [MESSAGE][PASSED] - Tapped on element 'Object Repository/Mobile Repository/Create New Mitra/android.widget.EditText - Masukkan Nama Lengkap'

2023-07-20 21:25:06 - [TEST_STEP][PASSED] - setText(findTestObject("Mobile Repository/Create New Mitra/android.widget.EditText - Masukkan Nama Lengkap"), "A", 0): Text 'A' has been set to element 'Object Repository/Mobile Repository/Create New Mitra/android.widget.EditText - Masukkan Nama Lengkap'

2023-07-20 21:25:06 - [MESSAGE][WARNING] - Timeout '0' is invalid. Using default page load timeout: '10'

2023-07-20 21:25:08 - [MESSAGE][PASSED] - Text 'A' has been set to element 'Object Repository/Mobile Repository/Create New Mitra/android.widget.EditText - Masukkan Nama Lengkap'

2023-07-20 21:25:08 - [TEST_STEP][PASSED] - hideKeyboard(): Keyboard is hidden

2023-07-20 21:25:09 - [MESSAGE][PASSED] - Keyboard is hidden

2023-07-20 21:25:09 - [TEST_STEP][PASSED] - verifyElementText(findTestObject("Mobile Repository/Create New Mitra/android.widget.TextView - (validasi Nama Lengkap)"), "Isi minimal 3 karakter", STOP_ON_FAILURE): Actual text and expected text of test object 'Object Repository/Mobile Repository/Create New Mitra/android.widget.TextView - (validasi Nama Lengkap)' are matched.

2023-07-20 21:25:09 - [MESSAGE][PASSED] - Actual text and expected text of test object 'Object Repository/Mobile Repository/Create New Mitra/android.widget.TextView - (validasi Nama Lengkap)' are matched.

2023-07-20 21:25:09 - [TEST_STEP][PASSED] - tap(findTestObject("Mobile Repository/Create New Mitra/android.widget.EditText - Masukkan Nama Lengkap"), 0, STOP_ON_FAILURE): Tapped on element 'Object Repository/Mobile Repository/Create New Mitra/android.widget.EditText - Masukkan Nama Lengkap'

2023-07-20 21:25:09 - [MESSAGE][WARNING] - Timeout '0' is invalid. Using default page load timeout: '10'

2023-07-20 21:25:10 - [MESSAGE][PASSED] - Tapped on element 'Object Repository/Mobile Repository/Create New Mitra/android.widget.EditText - Masukkan Nama Lengkap'

2023-07-20 21:25:10 - [TEST_STEP][PASSED] - clearText(findTestObject("Mobile Repository/Create New Mitra/android.widget.EditText - Masukkan Nama Lengkap"), 0, STOP_ON_FAILURE): Element 'Object Repository/Mobile Repository/Create New Mitra/android.widget.EditText - Masukkan Nama Lengkap' text is cleared

2023-07-20 21:25:10 - [MESSAGE][WARNING] - Timeout '0' is invalid. Using default page load timeout: '10'

2023-07-20 21:25:10 - [MESSAGE][PASSED] - Element 'Object Repository/Mobile Repository/Create New Mitra/android.widget.EditText - Masukkan Nama Lengkap' text is cleared

2023-07-20 21:25:10 - [TEST_STEP][PASSED] - hideKeyboard(): Keyboard is hidden

2023-07-20 21:25:11 - [MESSAGE][PASSED] - Keyboard is hidden

2023-07-20 21:25:11 - [TEST_STEP][PASSED] - verifyElementText(findTestObject("Mobile Repository/Create New Mitra/android.widget.TextView - (validasi Nama Lengkap)"), "Nama harus diisi", STOP_ON_FAILURE): Actual text and expected text of test object 'Object Repository/Mobile Repository/Create New Mitra/android.widget.TextView - (validasi Nama Lengkap)' are matched.

2023-07-20 21:25:12 - [MESSAGE][PASSED] - Actual text and expected text of test object 'Object Repository/Mobile Repository/Create New Mitra/android.widget.TextView - (validasi Nama Lengkap)' are matched.

2023-07-20 21:25:12 - [TEST_STEP][PASSED] - setText(findTestObject("Mobile Repository/Create New Mitra/android.widget.EditText - Masukkan Nama Lengkap"), fullname, 0): Text 'Danang Febriansyah' has been set to element 'Object Repository/Mobile Repository/Create New Mitra/android.widget.EditText - Masukkan Nama Lengkap'

2023-07-20 21:25:12 - [MESSAGE][WARNING] - Timeout '0' is invalid. Using default page load timeout: '10'

2023-07-20 21:25:13 - [MESSAGE][PASSED] - Text 'Danang Febriansyah' has been set to element 'Object Repository/Mobile Repository/Create New Mitra/android.widget.EditText - Masukkan Nama Lengkap'

2023-07-20 21:25:13 - [TEST_STEP][PASSED] - tap(findTestObject("Mobile Repository/Create New Mitra/android.widget.ImageButton (contact book button)"), 0, STOP_ON_FAILURE): Tapped on element 'Object Repository/Mobile Repository/Create New Mitra/android.widget.ImageButton (contact book button)'

2023-07-20 21:25:13 - [MESSAGE][WARNING] - Timeout '0' is invalid. Using default page load timeout: '10'

2023-07-20 21:25:14 - [MESSAGE][PASSED] - Tapped on element 'Object Repository/Mobile Repository/Create New Mitra/android.widget.ImageButton (contact book button)'

2023-07-20 21:25:14 - [TEST_STEP][PASSED] - if (verifyElementVisible(findTestObject("Mobile Repository/Create New Mitra/android.widget.Button - IZINKAN (button izinkan read contact)"), 3, OPTIONAL)): Element 'Object Repository/Mobile Repository/Create New Mitra/android.widget.Button - IZINKAN (button izinkan read contact)' not found

2023-07-20 21:25:17 - [MESSAGE][WARNING] - Element 'Object Repository/Mobile Repository/Create New Mitra/android.widget.Button - IZINKAN (button izinkan read contact)' not found

2023-07-20 21:25:17 - [TEST_STEP][PASSED] - pressBack(): Press back button successfully

2023-07-20 21:25:17 - [MESSAGE][PASSED] - Press back button successfully

2023-07-20 21:25:17 - [TEST_STEP][PASSED] - tap(findTestObject("Object Repository/Mobile Repository/Create New Mitra/android.widget.EditText - Masukkan Nomor Telepon"), 0, STOP_ON_FAILURE): Tapped on element 'Object Repository/Mobile Repository/Create New Mitra/android.widget.EditText - Masukkan Nomor Telepon'

2023-07-20 21:25:18 - [MESSAGE][WARNING] - Timeout '0' is invalid. Using default page load timeout: '10'

2023-07-20 21:25:19 - [MESSAGE][PASSED] - Tapped on element 'Object Repository/Mobile Repository/Create New Mitra/android.widget.EditText - Masukkan Nomor Telepon'

2023-07-20 21:25:19 - [TEST_STEP][PASSED] - setText(findTestObject("Object Repository/Mobile Repository/Create New Mitra/android.widget.EditText - Masukkan Nomor Telepon"), "089", 0): Text '089' has been set to element 'Object Repository/Mobile Repository/Create New Mitra/android.widget.EditText - Masukkan Nomor Telepon'

2023-07-20 21:25:19 - [MESSAGE][WARNING] - Timeout '0' is invalid. Using default page load timeout: '10'

2023-07-20 21:25:21 - [MESSAGE][PASSED] - Text '089' has been set to element 'Object Repository/Mobile Repository/Create New Mitra/android.widget.EditText - Masukkan Nomor Telepon'

2023-07-20 21:25:21 - [TEST_STEP][PASSED] - hideKeyboard(): Keyboard is hidden

2023-07-20 21:25:21 - [MESSAGE][PASSED] - Keyboard is hidden

2023-07-20 21:25:21 - [TEST_STEP][PASSED] - verifyElementText(findTestObject("Mobile Repository/Create New Mitra/android.widget.TextView - (validasi Nomor Telepon)"), "Minimal 6 Digit", STOP_ON_FAILURE): Actual text and expected text of test object 'Object Repository/Mobile Repository/Create New Mitra/android.widget.TextView - (validasi Nomor Telepon)' are matched.

2023-07-20 21:25:22 - [MESSAGE][PASSED] - Actual text and expected text of test object 'Object Repository/Mobile Repository/Create New Mitra/android.widget.TextView - (validasi Nomor Telepon)' are matched.

2023-07-20 21:25:22 - [TEST_STEP][PASSED] - tap(findTestObject("Object Repository/Mobile Repository/Create New Mitra/android.widget.EditText - Masukkan Nomor Telepon"), 0, STOP_ON_FAILURE): Tapped on element 'Object Repository/Mobile Repository/Create New Mitra/android.widget.EditText - Masukkan Nomor Telepon'

2023-07-20 21:25:22 - [MESSAGE][WARNING] - Timeout '0' is invalid. Using default page load timeout: '10'

2023-07-20 21:25:23 - [MESSAGE][PASSED] - Tapped on element 'Object Repository/Mobile Repository/Create New Mitra/android.widget.EditText - Masukkan Nomor Telepon'

2023-07-20 21:25:23 - [TEST_STEP][PASSED] - clearText(findTestObject("Object Repository/Mobile Repository/Create New Mitra/android.widget.EditText - Masukkan Nomor Telepon"), 0, STOP_ON_FAILURE): Element 'Object Repository/Mobile Repository/Create New Mitra/android.widget.EditText - Masukkan Nomor Telepon' text is cleared

2023-07-20 21:25:23 - [MESSAGE][WARNING] - Timeout '0' is invalid. Using default page load timeout: '10'

2023-07-20 21:25:23 - [MESSAGE][PASSED] - Element 'Object Repository/Mobile Repository/Create New Mitra/android.widget.EditText - Masukkan Nomor Telepon' text is cleared

2023-07-20 21:25:23 - [TEST_STEP][PASSED] - hideKeyboard(): Keyboard is hidden

2023-07-20 21:25:24 - [MESSAGE][PASSED] - Keyboard is hidden

2023-07-20 21:25:24 - [TEST_STEP][PASSED] - verifyElementText(findTestObject("Mobile Repository/Create New Mitra/android.widget.TextView - (validasi Nomor Telepon)"), "Nomor Telepon harus diisi", STOP_ON_FAILURE): Actual text and expected text of test object 'Object Repository/Mobile Repository/Create New Mitra/android.widget.TextView - (validasi Nomor Telepon)' are matched.

2023-07-20 21:25:24 - [MESSAGE][PASSED] - Actual text and expected text of test object 'Object Repository/Mobile Repository/Create New Mitra/android.widget.TextView - (validasi Nomor Telepon)' are matched.

2023-07-20 21:25:24 - [TEST_STEP][PASSED] - setText(findTestObject("Object Repository/Mobile Repository/Create New Mitra/android.widget.EditText - Masukkan Nomor Telepon"), phonenum, 0): Text '08305455606' has been set to element 'Object Repository/Mobile Repository/Create New Mitra/android.widget.EditText - Masukkan Nomor Telepon'

2023-07-20 21:25:25 - [MESSAGE][WARNING] - Timeout '0' is invalid. Using default page load timeout: '10'

2023-07-20 21:25:26 - [MESSAGE][PASSED] - Text '08305455606' has been set to element 'Object Repository/Mobile Repository/Create New Mitra/android.widget.EditText - Masukkan Nomor Telepon'

2023-07-20 21:25:26 - [TEST_STEP][PASSED] - tap(findTestObject("Object Repository/Mobile Repository/Create New Mitra/android.widget.TextView - Pilih Provinsi"), 0): Tapped on element 'Object Repository/Mobile Repository/Create New Mitra/android.widget.TextView - Pilih Provinsi'

2023-07-20 21:25:26 - [MESSAGE][WARNING] - Timeout '0' is invalid. Using default page load timeout: '10'

2023-07-20 21:25:27 - [MESSAGE][PASSED] - Tapped on element 'Object Repository/Mobile Repository/Create New Mitra/android.widget.TextView - Pilih Provinsi'

2023-07-20 21:25:27 - [TEST_STEP][PASSED] - tap(findTestObject("Mobile Repository/Create New Mitra/Province,city,district/android.widget.EditText (search bar)"), 0): Tapped on element 'Object Repository/Mobile Repository/Create New Mitra/Province,city,district/android.widget.EditText (search bar)'

2023-07-20 21:25:27 - [MESSAGE][WARNING] - Timeout '0' is invalid. Using default page load timeout: '10'

2023-07-20 21:25:28 - [MESSAGE][PASSED] - Tapped on element 'Object Repository/Mobile Repository/Create New Mitra/Province,city,district/android.widget.EditText (search bar)'

2023-07-20 21:25:28 - [TEST_STEP][PASSED] - setText(findTestObject("Mobile Repository/Create New Mitra/Province,city,district/android.widget.EditText (search bar)"), "dummy", 0): Text 'dummy' has been set to element 'Object Repository/Mobile Repository/Create New Mitra/Province,city,district/android.widget.EditText (search bar)'

2023-07-20 21:25:28 - [MESSAGE][WARNING] - Timeout '0' is invalid. Using default page load timeout: '10'

2023-07-20 21:25:30 - [MESSAGE][PASSED] - Text 'dummy' has been set to element 'Object Repository/Mobile Repository/Create New Mitra/Province,city,district/android.widget.EditText (search bar)'

2023-07-20 21:25:30 - [TEST_STEP][PASSED] - waitForElementPresent(findTestObject("Mobile Repository/Create New Mitra/Province,city,district/android.widget.ImageView (data illustration not found)"), 10): Element 'Object Repository/Mobile Repository/Create New Mitra/Province,city,district/android.widget.ImageView (data illustration not found)' is present

2023-07-20 21:25:31 - [MESSAGE][PASSED] - Element 'Object Repository/Mobile Repository/Create New Mitra/Province,city,district/android.widget.ImageView (data illustration not found)' is present

2023-07-20 21:25:31 - [TEST_STEP][PASSED] - verifyElementVisible(findTestObject("Mobile Repository/Create New Mitra/Province,city,district/android.widget.ImageView (data illustration not found)"), 0): Element 'Object Repository/Mobile Repository/Create New Mitra/Province,city,district/android.widget.ImageView (data illustration not found)' is visible

2023-07-20 21:25:31 - [MESSAGE][WARNING] - Timeout '0' is invalid. Using default page load timeout: '10'

2023-07-20 21:25:31 - [MESSAGE][PASSED] - Element 'Object Repository/Mobile Repository/Create New Mitra/Province,city,district/android.widget.ImageView (data illustration not found)' is visible

2023-07-20 21:25:31 - [TEST_STEP][PASSED] - verifyElementText(findTestObject("Mobile Repository/Create New Mitra/Province,city,district/android.widget.TextView - Data xXx tidak ditemukan (provinsi,kota,kecamatan)"), "Data provinsi tidak ditemukan"): Actual text and expected text of test object 'Object Repository/Mobile Repository/Create New Mitra/Province,city,district/android.widget.TextView - Data xXx tidak ditemukan (provinsi,kota,kecamatan)' are matched.

2023-07-20 21:25:31 - [MESSAGE][PASSED] - Actual text and expected text of test object 'Object Repository/Mobile Repository/Create New Mitra/Province,city,district/android.widget.TextView - Data xXx tidak ditemukan (provinsi,kota,kecamatan)' are matched.

2023-07-20 21:25:31 - [TEST_STEP][PASSED] - tap(findTestObject("Mobile Repository/Create New Mitra/Province,city,district/android.widget.EditText (search bar)"), 0): Tapped on element 'Object Repository/Mobile Repository/Create New Mitra/Province,city,district/android.widget.EditText (search bar)'

2023-07-20 21:25:31 - [MESSAGE][WARNING] - Timeout '0' is invalid. Using default page load timeout: '10'

2023-07-20 21:25:31 - [MESSAGE][PASSED] - Tapped on element 'Object Repository/Mobile Repository/Create New Mitra/Province,city,district/android.widget.EditText (search bar)'

2023-07-20 21:25:31 - [TEST_STEP][PASSED] - clearText(findTestObject("Mobile Repository/Create New Mitra/Province,city,district/android.widget.EditText (search bar)"), 0): Element 'Object Repository/Mobile Repository/Create New Mitra/Province,city,district/android.widget.EditText (search bar)' text is cleared

2023-07-20 21:25:31 - [MESSAGE][WARNING] - Timeout '0' is invalid. Using default page load timeout: '10'

2023-07-20 21:25:32 - [MESSAGE][PASSED] - Element 'Object Repository/Mobile Repository/Create New Mitra/Province,city,district/android.widget.EditText (search bar)' text is cleared

2023-07-20 21:25:32 - [TEST_STEP][PASSED] - setText(findTestObject("Mobile Repository/Create New Mitra/Province,city,district/android.widget.EditText (search bar)"), "Jawa Barat", 0): Text 'Jawa Barat' has been set to element 'Object Repository/Mobile Repository/Create New Mitra/Province,city,district/android.widget.EditText (search bar)'

2023-07-20 21:25:32 - [MESSAGE][WARNING] - Timeout '0' is invalid. Using default page load timeout: '10'

2023-07-20 21:25:34 - [MESSAGE][PASSED] - Text 'Jawa Barat' has been set to element 'Object Repository/Mobile Repository/Create New Mitra/Province,city,district/android.widget.EditText (search bar)'

2023-07-20 21:25:34 - [TEST_STEP][PASSED] - hideKeyboard(): Keyboard is hidden

2023-07-20 21:25:35 - [MESSAGE][PASSED] - Keyboard is hidden

2023-07-20 21:25:35 - [TEST_STEP][PASSED] - delay(3, STOP_ON_FAILURE): Delayed 3 second(s)

2023-07-20 21:25:38 - [MESSAGE][PASSED] - Delayed 3 second(s)

2023-07-20 21:25:38 - [TEST_STEP][PASSED] - tap(findTestObject("Mobile Repository/Create New Mitra/Province,city,district/android.widget.LinearLayout (search result)"), 0): Tapped on element 'Object Repository/Mobile Repository/Create New Mitra/Province,city,district/android.widget.LinearLayout (search result)'

2023-07-20 21:25:38 - [MESSAGE][WARNING] - Timeout '0' is invalid. Using default page load timeout: '10'

2023-07-20 21:25:39 - [MESSAGE][PASSED] - Tapped on element 'Object Repository/Mobile Repository/Create New Mitra/Province,city,district/android.widget.LinearLayout (search result)'

2023-07-20 21:25:39 - [TEST_STEP][PASSED] - tap(findTestObject("Object Repository/Mobile Repository/Create New Mitra/android.widget.TextView - Pilih Kota"), 0): Tapped on element 'Object Repository/Mobile Repository/Create New Mitra/android.widget.TextView - Pilih Kota'

2023-07-20 21:25:39 - [MESSAGE][WARNING] - Timeout '0' is invalid. Using default page load timeout: '10'

2023-07-20 21:25:39 - [MESSAGE][PASSED] - Tapped on element 'Object Repository/Mobile Repository/Create New Mitra/android.widget.TextView - Pilih Kota'

2023-07-20 21:25:39 - [TEST_STEP][PASSED] - tap(findTestObject("Mobile Repository/Create New Mitra/Province,city,district/android.widget.EditText (search bar)"), 0): Tapped on element 'Object Repository/Mobile Repository/Create New Mitra/Province,city,district/android.widget.EditText (search bar)'

2023-07-20 21:25:39 - [MESSAGE][WARNING] - Timeout '0' is invalid. Using default page load timeout: '10'

2023-07-20 21:25:40 - [MESSAGE][PASSED] - Tapped on element 'Object Repository/Mobile Repository/Create New Mitra/Province,city,district/android.widget.EditText (search bar)'

2023-07-20 21:25:40 - [TEST_STEP][PASSED] - setText(findTestObject("Mobile Repository/Create New Mitra/Province,city,district/android.widget.EditText (search bar)"), "dummy", 0): Text 'dummy' has been set to element 'Object Repository/Mobile Repository/Create New Mitra/Province,city,district/android.widget.EditText (search bar)'

2023-07-20 21:25:40 - [MESSAGE][WARNING] - Timeout '0' is invalid. Using default page load timeout: '10'

2023-07-20 21:25:43 - [MESSAGE][PASSED] - Text 'dummy' has been set to element 'Object Repository/Mobile Repository/Create New Mitra/Province,city,district/android.widget.EditText (search bar)'

2023-07-20 21:25:43 - [TEST_STEP][PASSED] - waitForElementPresent(findTestObject("Mobile Repository/Create New Mitra/Province,city,district/android.widget.ImageView (data illustration not found)"), 10): Element 'Object Repository/Mobile Repository/Create New Mitra/Province,city,district/android.widget.ImageView (data illustration not found)' is present

2023-07-20 21:25:43 - [MESSAGE][PASSED] - Element 'Object Repository/Mobile Repository/Create New Mitra/Province,city,district/android.widget.ImageView (data illustration not found)' is present

2023-07-20 21:25:43 - [TEST_STEP][PASSED] - verifyElementVisible(findTestObject("Mobile Repository/Create New Mitra/Province,city,district/android.widget.ImageView (data illustration not found)"), 0): Element 'Object Repository/Mobile Repository/Create New Mitra/Province,city,district/android.widget.ImageView (data illustration not found)' is visible

2023-07-20 21:25:43 - [MESSAGE][WARNING] - Timeout '0' is invalid. Using default page load timeout: '10'

2023-07-20 21:25:44 - [MESSAGE][PASSED] - Element 'Object Repository/Mobile Repository/Create New Mitra/Province,city,district/android.widget.ImageView (data illustration not found)' is visible

2023-07-20 21:25:44 - [TEST_STEP][PASSED] - verifyElementText(findTestObject("Mobile Repository/Create New Mitra/Province,city,district/android.widget.TextView - Data xXx tidak ditemukan (provinsi,kota,kecamatan)"), "Data kota tidak ditemukan"): Actual text and expected text of test object 'Object Repository/Mobile Repository/Create New Mitra/Province,city,district/android.widget.TextView - Data xXx tidak ditemukan (provinsi,kota,kecamatan)' are matched.

2023-07-20 21:25:44 - [MESSAGE][PASSED] - Actual text and expected text of test object 'Object Repository/Mobile Repository/Create New Mitra/Province,city,district/android.widget.TextView - Data xXx tidak ditemukan (provinsi,kota,kecamatan)' are matched.

2023-07-20 21:25:44 - [TEST_STEP][PASSED] - tap(findTestObject("Mobile Repository/Create New Mitra/Province,city,district/android.widget.EditText (search bar)"), 0): Tapped on element 'Object Repository/Mobile Repository/Create New Mitra/Province,city,district/android.widget.EditText (search bar)'

2023-07-20 21:25:44 - [MESSAGE][WARNING] - Timeout '0' is invalid. Using default page load timeout: '10'

2023-07-20 21:25:44 - [MESSAGE][PASSED] - Tapped on element 'Object Repository/Mobile Repository/Create New Mitra/Province,city,district/android.widget.EditText (search bar)'

2023-07-20 21:25:44 - [TEST_STEP][PASSED] - clearText(findTestObject("Mobile Repository/Create New Mitra/Province,city,district/android.widget.EditText (search bar)"), 0): Element 'Object Repository/Mobile Repository/Create New Mitra/Province,city,district/android.widget.EditText (search bar)' text is cleared

2023-07-20 21:25:44 - [MESSAGE][WARNING] - Timeout '0' is invalid. Using default page load timeout: '10'

2023-07-20 21:25:45 - [MESSAGE][PASSED] - Element 'Object Repository/Mobile Repository/Create New Mitra/Province,city,district/android.widget.EditText (search bar)' text is cleared

2023-07-20 21:25:45 - [TEST_STEP][PASSED] - setText(findTestObject("Mobile Repository/Create New Mitra/Province,city,district/android.widget.EditText (search bar)"), "Kota cimahi", 0): Text 'Kota cimahi' has been set to element 'Object Repository/Mobile Repository/Create New Mitra/Province,city,district/android.widget.EditText (search bar)'

2023-07-20 21:25:45 - [MESSAGE][WARNING] - Timeout '0' is invalid. Using default page load timeout: '10'

2023-07-20 21:25:47 - [MESSAGE][PASSED] - Text 'Kota cimahi' has been set to element 'Object Repository/Mobile Repository/Create New Mitra/Province,city,district/android.widget.EditText (search bar)'

2023-07-20 21:25:47 - [TEST_STEP][PASSED] - hideKeyboard(): Keyboard is hidden

2023-07-20 21:25:47 - [MESSAGE][PASSED] - Keyboard is hidden

2023-07-20 21:25:47 - [TEST_STEP][PASSED] - delay(3, STOP_ON_FAILURE): Delayed 3 second(s)

2023-07-20 21:25:50 - [MESSAGE][PASSED] - Delayed 3 second(s)

2023-07-20 21:25:50 - [TEST_STEP][PASSED] - tap(findTestObject("Mobile Repository/Create New Mitra/Province,city,district/android.widget.LinearLayout (search result)"), 0): Tapped on element 'Object Repository/Mobile Repository/Create New Mitra/Province,city,district/android.widget.LinearLayout (search result)'

2023-07-20 21:25:50 - [MESSAGE][WARNING] - Timeout '0' is invalid. Using default page load timeout: '10'

2023-07-20 21:25:51 - [MESSAGE][PASSED] - Tapped on element 'Object Repository/Mobile Repository/Create New Mitra/Province,city,district/android.widget.LinearLayout (search result)'

2023-07-20 21:25:51 - [TEST_STEP][PASSED] - tap(findTestObject("Object Repository/Mobile Repository/Create New Mitra/android.widget.TextView - Pilih Kecamatan"), 0): Tapped on element 'Object Repository/Mobile Repository/Create New Mitra/android.widget.TextView - Pilih Kecamatan'

2023-07-20 21:25:51 - [MESSAGE][WARNING] - Timeout '0' is invalid. Using default page load timeout: '10'

2023-07-20 21:25:52 - [MESSAGE][PASSED] - Tapped on element 'Object Repository/Mobile Repository/Create New Mitra/android.widget.TextView - Pilih Kecamatan'

2023-07-20 21:25:52 - [TEST_STEP][PASSED] - tap(findTestObject("Mobile Repository/Create New Mitra/Province,city,district/android.widget.EditText (search bar)"), 0): Tapped on element 'Object Repository/Mobile Repository/Create New Mitra/Province,city,district/android.widget.EditText (search bar)'

2023-07-20 21:25:52 - [MESSAGE][WARNING] - Timeout '0' is invalid. Using default page load timeout: '10'

2023-07-20 21:25:53 - [MESSAGE][PASSED] - Tapped on element 'Object Repository/Mobile Repository/Create New Mitra/Province,city,district/android.widget.EditText (search bar)'

2023-07-20 21:25:53 - [TEST_STEP][PASSED] - setText(findTestObject("Mobile Repository/Create New Mitra/Province,city,district/android.widget.EditText (search bar)"), "dummy", 0): Text 'dummy' has been set to element 'Object Repository/Mobile Repository/Create New Mitra/Province,city,district/android.widget.EditText (search bar)'

2023-07-20 21:25:53 - [MESSAGE][WARNING] - Timeout '0' is invalid. Using default page load timeout: '10'

2023-07-20 21:25:55 - [MESSAGE][PASSED] - Text 'dummy' has been set to element 'Object Repository/Mobile Repository/Create New Mitra/Province,city,district/android.widget.EditText (search bar)'

2023-07-20 21:25:55 - [TEST_STEP][PASSED] - waitForElementPresent(findTestObject("Mobile Repository/Create New Mitra/Province,city,district/android.widget.ImageView (data illustration not found)"), 10): Element 'Object Repository/Mobile Repository/Create New Mitra/Province,city,district/android.widget.ImageView (data illustration not found)' is present

2023-07-20 21:25:56 - [MESSAGE][PASSED] - Element 'Object Repository/Mobile Repository/Create New Mitra/Province,city,district/android.widget.ImageView (data illustration not found)' is present

2023-07-20 21:25:56 - [TEST_STEP][PASSED] - verifyElementVisible(findTestObject("Mobile Repository/Create New Mitra/Province,city,district/android.widget.ImageView (data illustration not found)"), 0): Element 'Object Repository/Mobile Repository/Create New Mitra/Province,city,district/android.widget.ImageView (data illustration not found)' is visible

2023-07-20 21:25:56 - [MESSAGE][WARNING] - Timeout '0' is invalid. Using default page load timeout: '10'

2023-07-20 21:25:56 - [MESSAGE][PASSED] - Element 'Object Repository/Mobile Repository/Create New Mitra/Province,city,district/android.widget.ImageView (data illustration not found)' is visible

2023-07-20 21:25:56 - [TEST_STEP][PASSED] - verifyElementText(findTestObject("Mobile Repository/Create New Mitra/Province,city,district/android.widget.TextView - Data xXx tidak ditemukan (provinsi,kota,kecamatan)"), "Data kecamatan tidak ditemukan"): Actual text and expected text of test object 'Object Repository/Mobile Repository/Create New Mitra/Province,city,district/android.widget.TextView - Data xXx tidak ditemukan (provinsi,kota,kecamatan)' are matched.

2023-07-20 21:25:56 - [MESSAGE][PASSED] - Actual text and expected text of test object 'Object Repository/Mobile Repository/Create New Mitra/Province,city,district/android.widget.TextView - Data xXx tidak ditemukan (provinsi,kota,kecamatan)' are matched.

2023-07-20 21:25:56 - [TEST_STEP][PASSED] - tap(findTestObject("Mobile Repository/Create New Mitra/Province,city,district/android.widget.EditText (search bar)"), 0): Tapped on element 'Object Repository/Mobile Repository/Create New Mitra/Province,city,district/android.widget.EditText (search bar)'

2023-07-20 21:25:56 - [MESSAGE][WARNING] - Timeout '0' is invalid. Using default page load timeout: '10'

2023-07-20 21:25:56 - [MESSAGE][PASSED] - Tapped on element 'Object Repository/Mobile Repository/Create New Mitra/Province,city,district/android.widget.EditText (search bar)'

2023-07-20 21:25:56 - [TEST_STEP][PASSED] - clearText(findTestObject("Mobile Repository/Create New Mitra/Province,city,district/android.widget.EditText (search bar)"), 0): Element 'Object Repository/Mobile Repository/Create New Mitra/Province,city,district/android.widget.EditText (search bar)' text is cleared

2023-07-20 21:25:56 - [MESSAGE][WARNING] - Timeout '0' is invalid. Using default page load timeout: '10'

2023-07-20 21:25:57 - [MESSAGE][PASSED] - Element 'Object Repository/Mobile Repository/Create New Mitra/Province,city,district/android.widget.EditText (search bar)' text is cleared

2023-07-20 21:25:57 - [TEST_STEP][PASSED] - setText(findTestObject("Mobile Repository/Create New Mitra/Province,city,district/android.widget.EditText (search bar)"), "cimahi utara", 0): Text 'cimahi utara' has been set to element 'Object Repository/Mobile Repository/Create New Mitra/Province,city,district/android.widget.EditText (search bar)'

2023-07-20 21:25:57 - [MESSAGE][WARNING] - Timeout '0' is invalid. Using default page load timeout: '10'

2023-07-20 21:25:59 - [MESSAGE][PASSED] - Text 'cimahi utara' has been set to element 'Object Repository/Mobile Repository/Create New Mitra/Province,city,district/android.widget.EditText (search bar)'

2023-07-20 21:25:59 - [TEST_STEP][PASSED] - hideKeyboard(): Keyboard is hidden

2023-07-20 21:26:00 - [MESSAGE][PASSED] - Keyboard is hidden

2023-07-20 21:26:00 - [TEST_STEP][PASSED] - delay(3, STOP_ON_FAILURE): Delayed 3 second(s)

2023-07-20 21:26:03 - [MESSAGE][PASSED] - Delayed 3 second(s)

2023-07-20 21:26:03 - [TEST_STEP][PASSED] - tap(findTestObject("Mobile Repository/Create New Mitra/Province,city,district/android.widget.LinearLayout (search result)"), 0): Tapped on element 'Object Repository/Mobile Repository/Create New Mitra/Province,city,district/android.widget.LinearLayout (search result)'

2023-07-20 21:26:03 - [MESSAGE][WARNING] - Timeout '0' is invalid. Using default page load timeout: '10'

2023-07-20 21:26:04 - [MESSAGE][PASSED] - Tapped on element 'Object Repository/Mobile Repository/Create New Mitra/Province,city,district/android.widget.LinearLayout (search result)'

2023-07-20 21:26:04 - [TEST_STEP][PASSED] - swipe(56, 1657, 56, 371): Swiped from 56,1,657 to 56,371

2023-07-20 21:26:05 - [MESSAGE][PASSED] - Swiped from 56,1,657 to 56,371

2023-07-20 21:26:05 - [TEST_STEP][PASSED] - tap(findTestObject("Object Repository/Mobile Repository/Create New Mitra/android.widget.EditText - Masukkan Alamat Mitra"), 0, STOP_ON_FAILURE): Tapped on element 'Object Repository/Mobile Repository/Create New Mitra/android.widget.EditText - Masukkan Alamat Mitra'

2023-07-20 21:26:05 - [MESSAGE][WARNING] - Timeout '0' is invalid. Using default page load timeout: '10'

2023-07-20 21:26:06 - [MESSAGE][PASSED] - Tapped on element 'Object Repository/Mobile Repository/Create New Mitra/android.widget.EditText - Masukkan Alamat Mitra'

2023-07-20 21:26:06 - [TEST_STEP][PASSED] - setText(findTestObject("Object Repository/Mobile Repository/Create New Mitra/android.widget.EditText - Masukkan Alamat Mitra"), "Ad", 0): Text 'Ad' has been set to element 'Object Repository/Mobile Repository/Create New Mitra/android.widget.EditText - Masukkan Alamat Mitra'

2023-07-20 21:26:06 - [MESSAGE][WARNING] - Timeout '0' is invalid. Using default page load timeout: '10'

2023-07-20 21:26:08 - [MESSAGE][PASSED] - Text 'Ad' has been set to element 'Object Repository/Mobile Repository/Create New Mitra/android.widget.EditText - Masukkan Alamat Mitra'

2023-07-20 21:26:08 - [TEST_STEP][PASSED] - hideKeyboard(): Keyboard is hidden

2023-07-20 21:26:08 - [MESSAGE][PASSED] - Keyboard is hidden

2023-07-20 21:26:08 - [TEST_STEP][PASSED] - verifyElementText(findTestObject("Mobile Repository/Create New Mitra/android.widget.TextView - (validasi Alamat Mitra)"), "Isi minimal 10 karakter", STOP_ON_FAILURE): Actual text and expected text of test object 'Object Repository/Mobile Repository/Create New Mitra/android.widget.TextView - (validasi Alamat Mitra)' are matched.

2023-07-20 21:26:09 - [MESSAGE][PASSED] - Actual text and expected text of test object 'Object Repository/Mobile Repository/Create New Mitra/android.widget.TextView - (validasi Alamat Mitra)' are matched.

2023-07-20 21:26:09 - [TEST_STEP][PASSED] - tap(findTestObject("Object Repository/Mobile Repository/Create New Mitra/android.widget.EditText - Masukkan Alamat Mitra"), 0, STOP_ON_FAILURE): Tapped on element 'Object Repository/Mobile Repository/Create New Mitra/android.widget.EditText - Masukkan Alamat Mitra'

2023-07-20 21:26:09 - [MESSAGE][WARNING] - Timeout '0' is invalid. Using default page load timeout: '10'

2023-07-20 21:26:09 - [MESSAGE][PASSED] - Tapped on element 'Object Repository/Mobile Repository/Create New Mitra/android.widget.EditText - Masukkan Alamat Mitra'

2023-07-20 21:26:09 - [TEST_STEP][PASSED] - clearText(findTestObject("Object Repository/Mobile Repository/Create New Mitra/android.widget.EditText - Masukkan Alamat Mitra"), 0, STOP_ON_FAILURE): Element 'Object Repository/Mobile Repository/Create New Mitra/android.widget.EditText - Masukkan Alamat Mitra' text is cleared

2023-07-20 21:26:09 - [MESSAGE][WARNING] - Timeout '0' is invalid. Using default page load timeout: '10'

2023-07-20 21:26:11 - [MESSAGE][PASSED] - Element 'Object Repository/Mobile Repository/Create New Mitra/android.widget.EditText - Masukkan Alamat Mitra' text is cleared

2023-07-20 21:26:11 - [TEST_STEP][PASSED] - hideKeyboard(): Keyboard is hidden

2023-07-20 21:26:11 - [MESSAGE][PASSED] - Keyboard is hidden

2023-07-20 21:26:11 - [TEST_STEP][PASSED] - verifyElementText(findTestObject("Mobile Repository/Create New Mitra/android.widget.TextView - (validasi Alamat Mitra)"), "Alamat harus diisi", STOP_ON_FAILURE): Actual text and expected text of test object 'Object Repository/Mobile Repository/Create New Mitra/android.widget.TextView - (validasi Alamat Mitra)' are matched.

2023-07-20 21:26:12 - [MESSAGE][PASSED] - Actual text and expected text of test object 'Object Repository/Mobile Repository/Create New Mitra/android.widget.TextView - (validasi Alamat Mitra)' are matched.

2023-07-20 21:26:12 - [TEST_STEP][PASSED] - setText(findTestObject("Object Repository/Mobile Repository/Create New Mitra/android.widget.EditText - Masukkan Alamat Mitra"), address, 0): Text 'Apt. 703 Jl. Diponegoro No. 69, Kepulauan Meranti, ND 60659' has been set to element 'Object Repository/Mobile Repository/Create New Mitra/android.widget.EditText - Masukkan Alamat Mitra'

2023-07-20 21:26:12 - [MESSAGE][WARNING] - Timeout '0' is invalid. Using default page load timeout: '10'

2023-07-20 21:26:14 - [MESSAGE][PASSED] - Text 'Apt. 703 Jl. Diponegoro No. 69, Kepulauan Meranti, ND 60659' has been set to element 'Object Repository/Mobile Repository/Create New Mitra/android.widget.EditText - Masukkan Alamat Mitra'

2023-07-20 21:26:14 - [TEST_STEP][PASSED] - hideKeyboard(): Keyboard is hidden

2023-07-20 21:26:14 - [MESSAGE][PASSED] - Keyboard is hidden

2023-07-20 21:26:14 - [TEST_STEP][PASSED] - tap(findTestObject("Object Repository/Mobile Repository/Create New Mitra/android.widget.EditText - Masukkan Kode POS"), 0): Tapped on element 'Object Repository/Mobile Repository/Create New Mitra/android.widget.EditText - Masukkan Kode POS'

2023-07-20 21:26:14 - [MESSAGE][WARNING] - Timeout '0' is invalid. Using default page load timeout: '10'

2023-07-20 21:26:16 - [MESSAGE][PASSED] - Tapped on element 'Object Repository/Mobile Repository/Create New Mitra/android.widget.EditText - Masukkan Kode POS'

2023-07-20 21:26:16 - [TEST_STEP][PASSED] - setText(findTestObject("Object Repository/Mobile Repository/Create New Mitra/android.widget.EditText - Masukkan Kode POS"), "99", 0): Text '99' has been set to element 'Object Repository/Mobile Repository/Create New Mitra/android.widget.EditText - Masukkan Kode POS'

2023-07-20 21:26:16 - [MESSAGE][WARNING] - Timeout '0' is invalid. Using default page load timeout: '10'

2023-07-20 21:26:17 - [MESSAGE][PASSED] - Text '99' has been set to element 'Object Repository/Mobile Repository/Create New Mitra/android.widget.EditText - Masukkan Kode POS'

2023-07-20 21:26:17 - [TEST_STEP][PASSED] - hideKeyboard(): Keyboard is hidden

2023-07-20 21:26:18 - [MESSAGE][PASSED] - Keyboard is hidden

2023-07-20 21:26:18 - [TEST_STEP][PASSED] - verifyElementText(findTestObject("Mobile Repository/Create New Mitra/android.widget.TextView - (validasi Alamat Mitra)"), "Isi minimal 3 karakter", STOP_ON_FAILURE): Actual text and expected text of test object 'Object Repository/Mobile Repository/Create New Mitra/android.widget.TextView - (validasi Alamat Mitra)' are matched.

2023-07-20 21:26:18 - [MESSAGE][PASSED] - Actual text and expected text of test object 'Object Repository/Mobile Repository/Create New Mitra/android.widget.TextView - (validasi Alamat Mitra)' are matched.

2023-07-20 21:26:18 - [TEST_STEP][PASSED] - tap(findTestObject("Object Repository/Mobile Repository/Create New Mitra/android.widget.EditText - Masukkan Kode POS"), 0): Tapped on element 'Object Repository/Mobile Repository/Create New Mitra/android.widget.EditText - Masukkan Kode POS'

2023-07-20 21:26:18 - [MESSAGE][WARNING] - Timeout '0' is invalid. Using default page load timeout: '10'

2023-07-20 21:26:19 - [MESSAGE][PASSED] - Tapped on element 'Object Repository/Mobile Repository/Create New Mitra/android.widget.EditText - Masukkan Kode POS'

2023-07-20 21:26:19 - [TEST_STEP][PASSED] - clearText(findTestObject("Object Repository/Mobile Repository/Create New Mitra/android.widget.EditText - Masukkan Kode POS"), 0): Element 'Object Repository/Mobile Repository/Create New Mitra/android.widget.EditText - Masukkan Kode POS' text is cleared

2023-07-20 21:26:19 - [MESSAGE][WARNING] - Timeout '0' is invalid. Using default page load timeout: '10'

2023-07-20 21:26:20 - [MESSAGE][PASSED] - Element 'Object Repository/Mobile Repository/Create New Mitra/android.widget.EditText - Masukkan Kode POS' text is cleared

2023-07-20 21:26:20 - [TEST_STEP][PASSED] - hideKeyboard(): Keyboard is hidden

2023-07-20 21:26:20 - [MESSAGE][PASSED] - Keyboard is hidden

2023-07-20 21:26:20 - [TEST_STEP][PASSED] - verifyElementText(findTestObject("Mobile Repository/Create New Mitra/android.widget.TextView - (validasi Alamat Mitra)"), "Kode Pos harus diisi", STOP_ON_FAILURE): Actual text and expected text of test object 'Object Repository/Mobile Repository/Create New Mitra/android.widget.TextView - (validasi Alamat Mitra)' are matched.

2023-07-20 21:26:21 - [MESSAGE][PASSED] - Actual text and expected text of test object 'Object Repository/Mobile Repository/Create New Mitra/android.widget.TextView - (validasi Alamat Mitra)' are matched.

2023-07-20 21:26:21 - [TEST_STEP][PASSED] - setText(findTestObject("Object Repository/Mobile Repository/Create New Mitra/android.widget.EditText - Masukkan Kode POS"), "45102", 0): Text '45102' has been set to element 'Object Repository/Mobile Repository/Create New Mitra/android.widget.EditText - Masukkan Kode POS'

2023-07-20 21:26:21 - [MESSAGE][WARNING] - Timeout '0' is invalid. Using default page load timeout: '10'

2023-07-20 21:26:22 - [MESSAGE][PASSED] - Text '45102' has been set to element 'Object Repository/Mobile Repository/Create New Mitra/android.widget.EditText - Masukkan Kode POS'

2023-07-20 21:26:22 - [TEST_STEP][PASSED] - hideKeyboard(): Keyboard is hidden

2023-07-20 21:26:22 - [MESSAGE][PASSED] - Keyboard is hidden

2023-07-20 21:26:22 - [TEST_STEP][PASSED] - tap(findTestObject("Mobile Repository/Create New Mitra/android.widget.EditText - Masukkan markup harga"), 0): Tapped on element 'Object Repository/Mobile Repository/Create New Mitra/android.widget.EditText - Masukkan markup harga'

2023-07-20 21:26:22 - [MESSAGE][WARNING] - Timeout '0' is invalid. Using default page load timeout: '10'

2023-07-20 21:26:23 - [MESSAGE][PASSED] - Tapped on element 'Object Repository/Mobile Repository/Create New Mitra/android.widget.EditText - Masukkan markup harga'

2023-07-20 21:26:23 - [TEST_STEP][PASSED] - setText(findTestObject("Mobile Repository/Create New Mitra/android.widget.EditText - Masukkan markup harga"), "1", 0): Text '1' has been set to element 'Object Repository/Mobile Repository/Create New Mitra/android.widget.EditText - Masukkan markup harga'

2023-07-20 21:26:23 - [MESSAGE][WARNING] - Timeout '0' is invalid. Using default page load timeout: '10'

2023-07-20 21:26:25 - [MESSAGE][PASSED] - Text '1' has been set to element 'Object Repository/Mobile Repository/Create New Mitra/android.widget.EditText - Masukkan markup harga'

2023-07-20 21:26:25 - [TEST_STEP][PASSED] - clearText(findTestObject("Mobile Repository/Create New Mitra/android.widget.EditText - Masukkan markup harga"), 0): Element 'Object Repository/Mobile Repository/Create New Mitra/android.widget.EditText - Masukkan markup harga' text is cleared

2023-07-20 21:26:25 - [MESSAGE][WARNING] - Timeout '0' is invalid. Using default page load timeout: '10'

2023-07-20 21:26:26 - [MESSAGE][PASSED] - Element 'Object Repository/Mobile Repository/Create New Mitra/android.widget.EditText - Masukkan markup harga' text is cleared

2023-07-20 21:26:26 - [TEST_STEP][PASSED] - hideKeyboard(): Keyboard is hidden

2023-07-20 21:26:26 - [MESSAGE][PASSED] - Keyboard is hidden

2023-07-20 21:26:26 - [TEST_STEP][PASSED] - verifyElementText(findTestObject("Mobile Repository/Create New Mitra/android.widget.TextView - (valdiasi Makup Harga)"), "Markup Harga harus disi", STOP_ON_FAILURE): Actual text and expected text of test object 'Object Repository/Mobile Repository/Create New Mitra/android.widget.TextView - (valdiasi Makup Harga)' are matched.

2023-07-20 21:26:27 - [MESSAGE][PASSED] - Actual text and expected text of test object 'Object Repository/Mobile Repository/Create New Mitra/android.widget.TextView - (valdiasi Makup Harga)' are matched.

2023-07-20 21:26:27 - [TEST_STEP][PASSED] - setText(findTestObject("Mobile Repository/Create New Mitra/android.widget.EditText - Masukkan markup harga"), "10", 0): Text '10' has been set to element 'Object Repository/Mobile Repository/Create New Mitra/android.widget.EditText - Masukkan markup harga'

2023-07-20 21:26:27 - [MESSAGE][WARNING] - Timeout '0' is invalid. Using default page load timeout: '10'

2023-07-20 21:26:29 - [MESSAGE][PASSED] - Text '10' has been set to element 'Object Repository/Mobile Repository/Create New Mitra/android.widget.EditText - Masukkan markup harga'

2023-07-20 21:26:29 - [TEST_STEP][PASSED] - hideKeyboard(): Keyboard is hidden

2023-07-20 21:26:29 - [MESSAGE][PASSED] - Keyboard is hidden

2023-07-20 21:26:29 - [TEST_STEP][PASSED] - pressBack(): Press back button successfully

2023-07-20 21:26:29 - [MESSAGE][PASSED] - Press back button successfully

2023-07-20 21:26:29 - [TEST_STEP][PASSED] - pressBack(): Press back button successfully

2023-07-20 21:26:30 - [MESSAGE][PASSED] - Press back button successfully

2023-07-20 21:26:30 - [TEST_STEP][PASSED] - pressBack(): Press back button successfully

2023-07-20 21:26:31 - [MESSAGE][PASSED] - Press back button successfully]]></system-out>
         <system-err><![CDATA[]]></system-err>
      </testcase>
      <system-out><![CDATA[2023-07-20 21:24:30 - [TEST_SUITE][PASSED] - TS001_create new Mitra (negative): Test Cases/Mobile Test Case/MTC001_create new Mitra (negative)]]></system-out>
      <system-err><![CDATA[]]></system-err>
   </testsuite>
</testsuites>
