<?xml version="1.0" encoding="UTF-8"?>
<testsuites name="TS001_create new Mitra (positive)" time="80.117" tests="1" failures="0" errors="0">
   <testsuite name="TS001_create new Mitra (positive)" tests="1" failures="0" errors="0" time="80.117" skipped="0" timestamp="2023-07-20 21:33:08" hostname="topindoku - localhost" id="Test Suites/Mobile/Test Suites/TS001_create new Mitra (positive)">
      <properties>
         <property name="deviceName" value="samsung SM-G996B (Android 13)"/>
         <property name="devicePlatform" value=""/>
         <property name="logFolder" value="/Users/topindoku/git/Mobile-UI-Test-with-Katalon-Studio/Reports/20230720_213253/Mobile/Test Suites/TS001_create new Mitra (positive)/20230720_213254"/>
         <property name="logFiles" value="/Users/topindoku/git/Mobile-UI-Test-with-Katalon-Studio/Reports/20230720_213253/Mobile/Test Suites/TS001_create new Mitra (positive)/20230720_213254/execution0.log, /Users/topindoku/git/Mobile-UI-Test-with-Katalon-Studio/Reports/20230720_213253/Mobile/Test Suites/TS001_create new Mitra (positive)/20230720_213254/appium.log"/>
         <property name="attachments" value=""/>
         <property name="hostName" value="topindoku - localhost"/>
         <property name="os" value="Mac OS X 64bit"/>
         <property name="appiumServerStatus" value="{&quot;value&quot;:{&quot;build&quot;:{&quot;version&quot;:&quot;1.22.3&quot;}},&quot;sessionId&quot;:null,&quot;status&quot;:0}"/>
         <property name="katalonVersion" value="8.6.5.208"/>
         <property name="deviceOS" value="Android"/>
         <property name="appiumVersion" value="1.22.3"/>
         <property name="deviceModel" value="SM-G996B"/>
         <property name="hostAddress" value="127.0.0.1"/>
         <property name="deviceManufacturer" value="samsung"/>
         <property name="deviceId" value="RRCR4008JAE"/>
         <property name="deviceName" value="samsung SM-G996B (Android 13)"/>
         <property name="deviceOSVersion" value="13"/>
      </properties>
      <testcase name="Test Cases/Mobile Test Case/MTC001_create new Mitra (positive)" time="79.746" classname="Test Cases/Mobile Test Case/MTC001_create new Mitra (positive)" status="PASSED">
         <system-out><![CDATA[2023-07-20 21:33:09 - [TEST_CASE][PASSED] - Test Cases/Mobile Test Case/MTC001_create new Mitra (positive): Test Cases/Mobile Test Case/MTC001_create new Mitra (positive)

2023-07-20 21:33:09 - [TEST_STEP][PASSED] - faker = new com.github.javafaker.Faker(new java.util.Locale(in-ID)): null

2023-07-20 21:33:09 - [TEST_STEP][PASSED] - fullname = name().fullName(): null

2023-07-20 21:33:10 - [TEST_STEP][PASSED] - phonenum = phoneNumber().phoneNumber(): null

2023-07-20 21:33:10 - [TEST_STEP][PASSED] - phonenum = phonenum.replace("-", ""): null

2023-07-20 21:33:10 - [TEST_STEP][PASSED] - phonenum = phonenum.replace("+62", "0"): null

2023-07-20 21:33:10 - [TEST_STEP][PASSED] - phonenum = phonenum.replace("080", "088"): null

2023-07-20 21:33:10 - [TEST_STEP][PASSED] - address = address().fullAddress(): null

2023-07-20 21:33:10 - [TEST_STEP][PASSED] - startExistingApplication(AppID): Starting app with application ID: 'com.topindo.android'

2023-07-20 21:33:10 - [MESSAGE][INFO] - Detected NodeJS location: "/opt/homebrew/Cellar/node/20.1.0/bin/node"

2023-07-20 21:33:11 - [MESSAGE][INFO] - Appium server started on port 56,683

2023-07-20 21:33:22 - [MESSAGE][PASSED] - Starting app with application ID: 'com.topindo.android'

2023-07-20 21:33:22 - [TEST_STEP][PASSED] - tap(findTestObject("Object Repository/Mobile Repository/Create New Mitra/android.widget.TextView - Kemitraan"), 0): Tapped on element 'Object Repository/Mobile Repository/Create New Mitra/android.widget.TextView - Kemitraan'

2023-07-20 21:33:22 - [MESSAGE][WARNING] - Timeout '0' is invalid. Using default page load timeout: '10'

2023-07-20 21:33:32 - [MESSAGE][PASSED] - Tapped on element 'Object Repository/Mobile Repository/Create New Mitra/android.widget.TextView - Kemitraan'

2023-07-20 21:33:32 - [TEST_STEP][PASSED] - tap(findTestObject("Object Repository/Mobile Repository/Create New Mitra/android.widget.TextView - Mitra Saya"), 0): Tapped on element 'Object Repository/Mobile Repository/Create New Mitra/android.widget.TextView - Mitra Saya'

2023-07-20 21:33:32 - [MESSAGE][WARNING] - Timeout '0' is invalid. Using default page load timeout: '10'

2023-07-20 21:33:33 - [MESSAGE][PASSED] - Tapped on element 'Object Repository/Mobile Repository/Create New Mitra/android.widget.TextView - Mitra Saya'

2023-07-20 21:33:33 - [TEST_STEP][PASSED] - tap(findTestObject("Object Repository/Mobile Repository/Create New Mitra/android.widget.ImageButton (add button)"), 0): Tapped on element 'Object Repository/Mobile Repository/Create New Mitra/android.widget.ImageButton (add button)'

2023-07-20 21:33:33 - [MESSAGE][WARNING] - Timeout '0' is invalid. Using default page load timeout: '10'

2023-07-20 21:33:34 - [MESSAGE][PASSED] - Tapped on element 'Object Repository/Mobile Repository/Create New Mitra/android.widget.ImageButton (add button)'

2023-07-20 21:33:34 - [TEST_STEP][PASSED] - verifyElementText(findTestObject("Object Repository/Mobile Repository/Create New Mitra/android.widget.TextView - Tambahkan Mitra"), "Tambahkan Mitra"): Actual text and expected text of test object 'Object Repository/Mobile Repository/Create New Mitra/android.widget.TextView - Tambahkan Mitra' are matched.

2023-07-20 21:33:35 - [MESSAGE][PASSED] - Actual text and expected text of test object 'Object Repository/Mobile Repository/Create New Mitra/android.widget.TextView - Tambahkan Mitra' are matched.

2023-07-20 21:33:35 - [TEST_STEP][PASSED] - verifyElementText(findTestObject("Object Repository/Mobile Repository/Create New Mitra/android.widget.TextView - Nama Lengkap"), "Nama Lengkap"): Actual text and expected text of test object 'Object Repository/Mobile Repository/Create New Mitra/android.widget.TextView - Nama Lengkap' are matched.

2023-07-20 21:33:35 - [MESSAGE][PASSED] - Actual text and expected text of test object 'Object Repository/Mobile Repository/Create New Mitra/android.widget.TextView - Nama Lengkap' are matched.

2023-07-20 21:33:35 - [TEST_STEP][PASSED] - verifyElementVisible(findTestObject("Mobile Repository/Create New Mitra/android.widget.EditText - Masukkan Nama Lengkap"), 0): Element 'Object Repository/Mobile Repository/Create New Mitra/android.widget.EditText - Masukkan Nama Lengkap' is visible

2023-07-20 21:33:36 - [MESSAGE][WARNING] - Timeout '0' is invalid. Using default page load timeout: '10'

2023-07-20 21:33:36 - [MESSAGE][PASSED] - Element 'Object Repository/Mobile Repository/Create New Mitra/android.widget.EditText - Masukkan Nama Lengkap' is visible

2023-07-20 21:33:36 - [TEST_STEP][PASSED] - verifyElementText(findTestObject("Mobile Repository/Create New Mitra/android.widget.TextView - Nomor Telepon"), "Nomor Telepon"): Actual text and expected text of test object 'Object Repository/Mobile Repository/Create New Mitra/android.widget.TextView - Nomor Telepon' are matched.

2023-07-20 21:33:36 - [MESSAGE][PASSED] - Actual text and expected text of test object 'Object Repository/Mobile Repository/Create New Mitra/android.widget.TextView - Nomor Telepon' are matched.

2023-07-20 21:33:36 - [TEST_STEP][PASSED] - verifyElementVisible(findTestObject("Object Repository/Mobile Repository/Create New Mitra/android.widget.EditText - Masukkan Nomor Telepon"), 0): Element 'Object Repository/Mobile Repository/Create New Mitra/android.widget.EditText - Masukkan Nomor Telepon' is visible

2023-07-20 21:33:36 - [MESSAGE][WARNING] - Timeout '0' is invalid. Using default page load timeout: '10'

2023-07-20 21:33:36 - [MESSAGE][PASSED] - Element 'Object Repository/Mobile Repository/Create New Mitra/android.widget.EditText - Masukkan Nomor Telepon' is visible

2023-07-20 21:33:36 - [TEST_STEP][PASSED] - verifyElementVisible(findTestObject("Mobile Repository/Create New Mitra/android.widget.ImageButton (contact book button)"), 0): Element 'Object Repository/Mobile Repository/Create New Mitra/android.widget.ImageButton (contact book button)' is visible

2023-07-20 21:33:36 - [MESSAGE][WARNING] - Timeout '0' is invalid. Using default page load timeout: '10'

2023-07-20 21:33:36 - [MESSAGE][PASSED] - Element 'Object Repository/Mobile Repository/Create New Mitra/android.widget.ImageButton (contact book button)' is visible

2023-07-20 21:33:36 - [TEST_STEP][PASSED] - verifyElementText(findTestObject("Object Repository/Mobile Repository/Create New Mitra/android.widget.TextView - Provinsi"), "Provinsi"): Actual text and expected text of test object 'Object Repository/Mobile Repository/Create New Mitra/android.widget.TextView - Provinsi' are matched.

2023-07-20 21:33:37 - [MESSAGE][PASSED] - Actual text and expected text of test object 'Object Repository/Mobile Repository/Create New Mitra/android.widget.TextView - Provinsi' are matched.

2023-07-20 21:33:37 - [TEST_STEP][PASSED] - verifyElementVisible(findTestObject("Object Repository/Mobile Repository/Create New Mitra/android.widget.TextView - Pilih Provinsi"), 0): Element 'Object Repository/Mobile Repository/Create New Mitra/android.widget.TextView - Pilih Provinsi' is visible

2023-07-20 21:33:37 - [MESSAGE][WARNING] - Timeout '0' is invalid. Using default page load timeout: '10'

2023-07-20 21:33:37 - [MESSAGE][PASSED] - Element 'Object Repository/Mobile Repository/Create New Mitra/android.widget.TextView - Pilih Provinsi' is visible

2023-07-20 21:33:37 - [TEST_STEP][PASSED] - verifyElementText(findTestObject("Object Repository/Mobile Repository/Create New Mitra/android.widget.TextView - Kota"), "Kota"): Actual text and expected text of test object 'Object Repository/Mobile Repository/Create New Mitra/android.widget.TextView - Kota' are matched.

2023-07-20 21:33:37 - [MESSAGE][PASSED] - Actual text and expected text of test object 'Object Repository/Mobile Repository/Create New Mitra/android.widget.TextView - Kota' are matched.

2023-07-20 21:33:37 - [TEST_STEP][PASSED] - verifyElementVisible(findTestObject("Object Repository/Mobile Repository/Create New Mitra/android.widget.TextView - Pilih Kota"), 0): Element 'Object Repository/Mobile Repository/Create New Mitra/android.widget.TextView - Pilih Kota' is visible

2023-07-20 21:33:37 - [MESSAGE][WARNING] - Timeout '0' is invalid. Using default page load timeout: '10'

2023-07-20 21:33:37 - [MESSAGE][PASSED] - Element 'Object Repository/Mobile Repository/Create New Mitra/android.widget.TextView - Pilih Kota' is visible

2023-07-20 21:33:37 - [TEST_STEP][PASSED] - verifyElementText(findTestObject("Object Repository/Mobile Repository/Create New Mitra/android.widget.TextView - Kecamatan"), "Kecamatan"): Actual text and expected text of test object 'Object Repository/Mobile Repository/Create New Mitra/android.widget.TextView - Kecamatan' are matched.

2023-07-20 21:33:38 - [MESSAGE][PASSED] - Actual text and expected text of test object 'Object Repository/Mobile Repository/Create New Mitra/android.widget.TextView - Kecamatan' are matched.

2023-07-20 21:33:38 - [TEST_STEP][PASSED] - verifyElementVisible(findTestObject("Object Repository/Mobile Repository/Create New Mitra/android.widget.TextView - Pilih Kecamatan"), 0): Element 'Object Repository/Mobile Repository/Create New Mitra/android.widget.TextView - Pilih Kecamatan' is visible

2023-07-20 21:33:38 - [MESSAGE][WARNING] - Timeout '0' is invalid. Using default page load timeout: '10'

2023-07-20 21:33:38 - [MESSAGE][PASSED] - Element 'Object Repository/Mobile Repository/Create New Mitra/android.widget.TextView - Pilih Kecamatan' is visible

2023-07-20 21:33:38 - [TEST_STEP][PASSED] - swipe(56, 1657, 56, 371): Swiped from 56,1,657 to 56,371

2023-07-20 21:33:39 - [MESSAGE][PASSED] - Swiped from 56,1,657 to 56,371

2023-07-20 21:33:39 - [TEST_STEP][PASSED] - verifyElementText(findTestObject("Object Repository/Mobile Repository/Create New Mitra/android.widget.TextView - Alamat Mitra"), "Alamat Mitra"): Actual text and expected text of test object 'Object Repository/Mobile Repository/Create New Mitra/android.widget.TextView - Alamat Mitra' are matched.

2023-07-20 21:33:39 - [MESSAGE][PASSED] - Actual text and expected text of test object 'Object Repository/Mobile Repository/Create New Mitra/android.widget.TextView - Alamat Mitra' are matched.

2023-07-20 21:33:39 - [TEST_STEP][PASSED] - verifyElementVisible(findTestObject("Object Repository/Mobile Repository/Create New Mitra/android.widget.EditText - Masukkan Alamat Mitra"), 0): Element 'Object Repository/Mobile Repository/Create New Mitra/android.widget.EditText - Masukkan Alamat Mitra' is visible

2023-07-20 21:33:40 - [MESSAGE][WARNING] - Timeout '0' is invalid. Using default page load timeout: '10'

2023-07-20 21:33:40 - [MESSAGE][PASSED] - Element 'Object Repository/Mobile Repository/Create New Mitra/android.widget.EditText - Masukkan Alamat Mitra' is visible

2023-07-20 21:33:40 - [TEST_STEP][PASSED] - verifyElementText(findTestObject("Object Repository/Mobile Repository/Create New Mitra/android.widget.TextView - Kode POS"), "Kode POS"): Actual text and expected text of test object 'Object Repository/Mobile Repository/Create New Mitra/android.widget.TextView - Kode POS' are matched.

2023-07-20 21:33:40 - [MESSAGE][PASSED] - Actual text and expected text of test object 'Object Repository/Mobile Repository/Create New Mitra/android.widget.TextView - Kode POS' are matched.

2023-07-20 21:33:40 - [TEST_STEP][PASSED] - verifyElementVisible(findTestObject("Object Repository/Mobile Repository/Create New Mitra/android.widget.EditText - Masukkan Kode POS"), 0): Element 'Object Repository/Mobile Repository/Create New Mitra/android.widget.EditText - Masukkan Kode POS' is visible

2023-07-20 21:33:40 - [MESSAGE][WARNING] - Timeout '0' is invalid. Using default page load timeout: '10'

2023-07-20 21:33:40 - [MESSAGE][PASSED] - Element 'Object Repository/Mobile Repository/Create New Mitra/android.widget.EditText - Masukkan Kode POS' is visible

2023-07-20 21:33:40 - [TEST_STEP][PASSED] - verifyElementText(findTestObject("Object Repository/Mobile Repository/Create New Mitra/android.widget.TextView - Markup Harga"), "Markup Harga"): Actual text and expected text of test object 'Object Repository/Mobile Repository/Create New Mitra/android.widget.TextView - Markup Harga' are matched.

2023-07-20 21:33:40 - [MESSAGE][PASSED] - Actual text and expected text of test object 'Object Repository/Mobile Repository/Create New Mitra/android.widget.TextView - Markup Harga' are matched.

2023-07-20 21:33:40 - [TEST_STEP][PASSED] - verifyElementVisible(findTestObject("Mobile Repository/Create New Mitra/android.widget.EditText - Masukkan markup harga"), 0): Element 'Object Repository/Mobile Repository/Create New Mitra/android.widget.EditText - Masukkan markup harga' is visible

2023-07-20 21:33:40 - [MESSAGE][WARNING] - Timeout '0' is invalid. Using default page load timeout: '10'

2023-07-20 21:33:40 - [MESSAGE][PASSED] - Element 'Object Repository/Mobile Repository/Create New Mitra/android.widget.EditText - Masukkan markup harga' is visible

2023-07-20 21:33:40 - [TEST_STEP][PASSED] - verifyElementVisible(findTestObject("Object Repository/Mobile Repository/Create New Mitra/android.widget.Button - Simpan"), 0): Element 'Object Repository/Mobile Repository/Create New Mitra/android.widget.Button - Simpan' is visible

2023-07-20 21:33:40 - [MESSAGE][WARNING] - Timeout '0' is invalid. Using default page load timeout: '10'

2023-07-20 21:33:40 - [MESSAGE][PASSED] - Element 'Object Repository/Mobile Repository/Create New Mitra/android.widget.Button - Simpan' is visible

2023-07-20 21:33:41 - [TEST_STEP][PASSED] - swipe(56, 371, 56, 1657): Swiped from 56,371 to 56,1,657

2023-07-20 21:33:42 - [MESSAGE][PASSED] - Swiped from 56,371 to 56,1,657

2023-07-20 21:33:42 - [TEST_STEP][PASSED] - tap(findTestObject("Mobile Repository/Create New Mitra/android.widget.EditText - Masukkan Nama Lengkap"), 0, STOP_ON_FAILURE): Tapped on element 'Object Repository/Mobile Repository/Create New Mitra/android.widget.EditText - Masukkan Nama Lengkap'

2023-07-20 21:33:42 - [MESSAGE][WARNING] - Timeout '0' is invalid. Using default page load timeout: '10'

2023-07-20 21:33:43 - [MESSAGE][PASSED] - Tapped on element 'Object Repository/Mobile Repository/Create New Mitra/android.widget.EditText - Masukkan Nama Lengkap'

2023-07-20 21:33:43 - [TEST_STEP][PASSED] - setText(findTestObject("Mobile Repository/Create New Mitra/android.widget.EditText - Masukkan Nama Lengkap"), fullname, 0): Text 'Heru Armansyah' has been set to element 'Object Repository/Mobile Repository/Create New Mitra/android.widget.EditText - Masukkan Nama Lengkap'

2023-07-20 21:33:43 - [MESSAGE][WARNING] - Timeout '0' is invalid. Using default page load timeout: '10'

2023-07-20 21:33:44 - [MESSAGE][PASSED] - Text 'Heru Armansyah' has been set to element 'Object Repository/Mobile Repository/Create New Mitra/android.widget.EditText - Masukkan Nama Lengkap'

2023-07-20 21:33:44 - [TEST_STEP][PASSED] - tap(findTestObject("Object Repository/Mobile Repository/Create New Mitra/android.widget.EditText - Masukkan Nomor Telepon"), 0, STOP_ON_FAILURE): Tapped on element 'Object Repository/Mobile Repository/Create New Mitra/android.widget.EditText - Masukkan Nomor Telepon'

2023-07-20 21:33:45 - [MESSAGE][WARNING] - Timeout '0' is invalid. Using default page load timeout: '10'

2023-07-20 21:33:46 - [MESSAGE][PASSED] - Tapped on element 'Object Repository/Mobile Repository/Create New Mitra/android.widget.EditText - Masukkan Nomor Telepon'

2023-07-20 21:33:46 - [TEST_STEP][PASSED] - setText(findTestObject("Object Repository/Mobile Repository/Create New Mitra/android.widget.EditText - Masukkan Nomor Telepon"), phonenum, 0): Text '081871941929' has been set to element 'Object Repository/Mobile Repository/Create New Mitra/android.widget.EditText - Masukkan Nomor Telepon'

2023-07-20 21:33:46 - [MESSAGE][WARNING] - Timeout '0' is invalid. Using default page load timeout: '10'

2023-07-20 21:33:48 - [MESSAGE][PASSED] - Text '081871941929' has been set to element 'Object Repository/Mobile Repository/Create New Mitra/android.widget.EditText - Masukkan Nomor Telepon'

2023-07-20 21:33:48 - [TEST_STEP][PASSED] - tap(findTestObject("Object Repository/Mobile Repository/Create New Mitra/android.widget.TextView - Pilih Provinsi"), 0): Tapped on element 'Object Repository/Mobile Repository/Create New Mitra/android.widget.TextView - Pilih Provinsi'

2023-07-20 21:33:48 - [MESSAGE][WARNING] - Timeout '0' is invalid. Using default page load timeout: '10'

2023-07-20 21:33:49 - [MESSAGE][PASSED] - Tapped on element 'Object Repository/Mobile Repository/Create New Mitra/android.widget.TextView - Pilih Provinsi'

2023-07-20 21:33:49 - [TEST_STEP][PASSED] - tap(findTestObject("Mobile Repository/Create New Mitra/Province,city,district/android.widget.EditText (search bar)"), 0): Tapped on element 'Object Repository/Mobile Repository/Create New Mitra/Province,city,district/android.widget.EditText (search bar)'

2023-07-20 21:33:49 - [MESSAGE][WARNING] - Timeout '0' is invalid. Using default page load timeout: '10'

2023-07-20 21:33:50 - [MESSAGE][PASSED] - Tapped on element 'Object Repository/Mobile Repository/Create New Mitra/Province,city,district/android.widget.EditText (search bar)'

2023-07-20 21:33:50 - [TEST_STEP][PASSED] - setText(findTestObject("Mobile Repository/Create New Mitra/Province,city,district/android.widget.EditText (search bar)"), "Jawa Barat", 0): Text 'Jawa Barat' has been set to element 'Object Repository/Mobile Repository/Create New Mitra/Province,city,district/android.widget.EditText (search bar)'

2023-07-20 21:33:51 - [MESSAGE][WARNING] - Timeout '0' is invalid. Using default page load timeout: '10'

2023-07-20 21:33:52 - [MESSAGE][PASSED] - Text 'Jawa Barat' has been set to element 'Object Repository/Mobile Repository/Create New Mitra/Province,city,district/android.widget.EditText (search bar)'

2023-07-20 21:33:52 - [TEST_STEP][PASSED] - hideKeyboard(): Keyboard is hidden

2023-07-20 21:33:53 - [MESSAGE][PASSED] - Keyboard is hidden

2023-07-20 21:33:53 - [TEST_STEP][PASSED] - delay(3, STOP_ON_FAILURE): Delayed 3 second(s)

2023-07-20 21:33:56 - [MESSAGE][PASSED] - Delayed 3 second(s)

2023-07-20 21:33:56 - [TEST_STEP][PASSED] - tap(findTestObject("Mobile Repository/Create New Mitra/Province,city,district/android.widget.LinearLayout (search result)"), 0): Tapped on element 'Object Repository/Mobile Repository/Create New Mitra/Province,city,district/android.widget.LinearLayout (search result)'

2023-07-20 21:33:56 - [MESSAGE][WARNING] - Timeout '0' is invalid. Using default page load timeout: '10'

2023-07-20 21:33:57 - [MESSAGE][PASSED] - Tapped on element 'Object Repository/Mobile Repository/Create New Mitra/Province,city,district/android.widget.LinearLayout (search result)'

2023-07-20 21:33:57 - [TEST_STEP][PASSED] - tap(findTestObject("Object Repository/Mobile Repository/Create New Mitra/android.widget.TextView - Pilih Kota"), 0): Tapped on element 'Object Repository/Mobile Repository/Create New Mitra/android.widget.TextView - Pilih Kota'

2023-07-20 21:33:57 - [MESSAGE][WARNING] - Timeout '0' is invalid. Using default page load timeout: '10'

2023-07-20 21:33:58 - [MESSAGE][PASSED] - Tapped on element 'Object Repository/Mobile Repository/Create New Mitra/android.widget.TextView - Pilih Kota'

2023-07-20 21:33:58 - [TEST_STEP][PASSED] - tap(findTestObject("Mobile Repository/Create New Mitra/Province,city,district/android.widget.EditText (search bar)"), 0): Tapped on element 'Object Repository/Mobile Repository/Create New Mitra/Province,city,district/android.widget.EditText (search bar)'

2023-07-20 21:33:58 - [MESSAGE][WARNING] - Timeout '0' is invalid. Using default page load timeout: '10'

2023-07-20 21:33:59 - [MESSAGE][PASSED] - Tapped on element 'Object Repository/Mobile Repository/Create New Mitra/Province,city,district/android.widget.EditText (search bar)'

2023-07-20 21:33:59 - [TEST_STEP][PASSED] - setText(findTestObject("Mobile Repository/Create New Mitra/Province,city,district/android.widget.EditText (search bar)"), "Kota cimahi", 0): Text 'Kota cimahi' has been set to element 'Object Repository/Mobile Repository/Create New Mitra/Province,city,district/android.widget.EditText (search bar)'

2023-07-20 21:33:59 - [MESSAGE][WARNING] - Timeout '0' is invalid. Using default page load timeout: '10'

2023-07-20 21:34:01 - [MESSAGE][PASSED] - Text 'Kota cimahi' has been set to element 'Object Repository/Mobile Repository/Create New Mitra/Province,city,district/android.widget.EditText (search bar)'

2023-07-20 21:34:01 - [TEST_STEP][PASSED] - hideKeyboard(): Keyboard is hidden

2023-07-20 21:34:02 - [MESSAGE][PASSED] - Keyboard is hidden

2023-07-20 21:34:02 - [TEST_STEP][PASSED] - delay(3, STOP_ON_FAILURE): Delayed 3 second(s)

2023-07-20 21:34:05 - [MESSAGE][PASSED] - Delayed 3 second(s)

2023-07-20 21:34:05 - [TEST_STEP][PASSED] - tap(findTestObject("Mobile Repository/Create New Mitra/Province,city,district/android.widget.LinearLayout (search result)"), 0): Tapped on element 'Object Repository/Mobile Repository/Create New Mitra/Province,city,district/android.widget.LinearLayout (search result)'

2023-07-20 21:34:05 - [MESSAGE][WARNING] - Timeout '0' is invalid. Using default page load timeout: '10'

2023-07-20 21:34:06 - [MESSAGE][PASSED] - Tapped on element 'Object Repository/Mobile Repository/Create New Mitra/Province,city,district/android.widget.LinearLayout (search result)'

2023-07-20 21:34:06 - [TEST_STEP][PASSED] - tap(findTestObject("Object Repository/Mobile Repository/Create New Mitra/android.widget.TextView - Pilih Kecamatan"), 0): Tapped on element 'Object Repository/Mobile Repository/Create New Mitra/android.widget.TextView - Pilih Kecamatan'

2023-07-20 21:34:06 - [MESSAGE][WARNING] - Timeout '0' is invalid. Using default page load timeout: '10'

2023-07-20 21:34:06 - [MESSAGE][PASSED] - Tapped on element 'Object Repository/Mobile Repository/Create New Mitra/android.widget.TextView - Pilih Kecamatan'

2023-07-20 21:34:06 - [TEST_STEP][PASSED] - tap(findTestObject("Mobile Repository/Create New Mitra/Province,city,district/android.widget.EditText (search bar)"), 0): Tapped on element 'Object Repository/Mobile Repository/Create New Mitra/Province,city,district/android.widget.EditText (search bar)'

2023-07-20 21:34:06 - [MESSAGE][WARNING] - Timeout '0' is invalid. Using default page load timeout: '10'

2023-07-20 21:34:07 - [MESSAGE][PASSED] - Tapped on element 'Object Repository/Mobile Repository/Create New Mitra/Province,city,district/android.widget.EditText (search bar)'

2023-07-20 21:34:07 - [TEST_STEP][PASSED] - setText(findTestObject("Mobile Repository/Create New Mitra/Province,city,district/android.widget.EditText (search bar)"), "cimahi utara", 0): Text 'cimahi utara' has been set to element 'Object Repository/Mobile Repository/Create New Mitra/Province,city,district/android.widget.EditText (search bar)'

2023-07-20 21:34:07 - [MESSAGE][WARNING] - Timeout '0' is invalid. Using default page load timeout: '10'

2023-07-20 21:34:09 - [MESSAGE][PASSED] - Text 'cimahi utara' has been set to element 'Object Repository/Mobile Repository/Create New Mitra/Province,city,district/android.widget.EditText (search bar)'

2023-07-20 21:34:09 - [TEST_STEP][PASSED] - hideKeyboard(): Keyboard is hidden

2023-07-20 21:34:10 - [MESSAGE][PASSED] - Keyboard is hidden

2023-07-20 21:34:10 - [TEST_STEP][PASSED] - delay(3, STOP_ON_FAILURE): Delayed 3 second(s)

2023-07-20 21:34:13 - [MESSAGE][PASSED] - Delayed 3 second(s)

2023-07-20 21:34:13 - [TEST_STEP][PASSED] - tap(findTestObject("Mobile Repository/Create New Mitra/Province,city,district/android.widget.LinearLayout (search result)"), 0): Tapped on element 'Object Repository/Mobile Repository/Create New Mitra/Province,city,district/android.widget.LinearLayout (search result)'

2023-07-20 21:34:13 - [MESSAGE][WARNING] - Timeout '0' is invalid. Using default page load timeout: '10'

2023-07-20 21:34:14 - [MESSAGE][PASSED] - Tapped on element 'Object Repository/Mobile Repository/Create New Mitra/Province,city,district/android.widget.LinearLayout (search result)'

2023-07-20 21:34:14 - [TEST_STEP][PASSED] - swipe(56, 1657, 56, 371): Swiped from 56,1,657 to 56,371

2023-07-20 21:34:15 - [MESSAGE][PASSED] - Swiped from 56,1,657 to 56,371

2023-07-20 21:34:15 - [TEST_STEP][PASSED] - tap(findTestObject("Object Repository/Mobile Repository/Create New Mitra/android.widget.EditText - Masukkan Alamat Mitra"), 0, STOP_ON_FAILURE): Tapped on element 'Object Repository/Mobile Repository/Create New Mitra/android.widget.EditText - Masukkan Alamat Mitra'

2023-07-20 21:34:15 - [MESSAGE][WARNING] - Timeout '0' is invalid. Using default page load timeout: '10'

2023-07-20 21:34:16 - [MESSAGE][PASSED] - Tapped on element 'Object Repository/Mobile Repository/Create New Mitra/android.widget.EditText - Masukkan Alamat Mitra'

2023-07-20 21:34:16 - [TEST_STEP][PASSED] - setText(findTestObject("Object Repository/Mobile Repository/Create New Mitra/android.widget.EditText - Masukkan Alamat Mitra"), address, 0): Text 'Apt. 872 Jl. Diponegoro No. 04, Gorontalo, MO 89814' has been set to element 'Object Repository/Mobile Repository/Create New Mitra/android.widget.EditText - Masukkan Alamat Mitra'

2023-07-20 21:34:17 - [MESSAGE][WARNING] - Timeout '0' is invalid. Using default page load timeout: '10'

2023-07-20 21:34:18 - [MESSAGE][PASSED] - Text 'Apt. 872 Jl. Diponegoro No. 04, Gorontalo, MO 89814' has been set to element 'Object Repository/Mobile Repository/Create New Mitra/android.widget.EditText - Masukkan Alamat Mitra'

2023-07-20 21:34:18 - [TEST_STEP][PASSED] - hideKeyboard(): Keyboard is hidden

2023-07-20 21:34:19 - [MESSAGE][PASSED] - Keyboard is hidden

2023-07-20 21:34:19 - [TEST_STEP][PASSED] - tap(findTestObject("Object Repository/Mobile Repository/Create New Mitra/android.widget.EditText - Masukkan Kode POS"), 0): Tapped on element 'Object Repository/Mobile Repository/Create New Mitra/android.widget.EditText - Masukkan Kode POS'

2023-07-20 21:34:19 - [MESSAGE][WARNING] - Timeout '0' is invalid. Using default page load timeout: '10'

2023-07-20 21:34:20 - [MESSAGE][PASSED] - Tapped on element 'Object Repository/Mobile Repository/Create New Mitra/android.widget.EditText - Masukkan Kode POS'

2023-07-20 21:34:20 - [TEST_STEP][PASSED] - setText(findTestObject("Object Repository/Mobile Repository/Create New Mitra/android.widget.EditText - Masukkan Kode POS"), "45102", 0): Text '45102' has been set to element 'Object Repository/Mobile Repository/Create New Mitra/android.widget.EditText - Masukkan Kode POS'

2023-07-20 21:34:21 - [MESSAGE][WARNING] - Timeout '0' is invalid. Using default page load timeout: '10'

2023-07-20 21:34:22 - [MESSAGE][PASSED] - Text '45102' has been set to element 'Object Repository/Mobile Repository/Create New Mitra/android.widget.EditText - Masukkan Kode POS'

2023-07-20 21:34:22 - [TEST_STEP][PASSED] - hideKeyboard(): Keyboard is hidden

2023-07-20 21:34:22 - [MESSAGE][PASSED] - Keyboard is hidden

2023-07-20 21:34:22 - [TEST_STEP][PASSED] - tap(findTestObject("Mobile Repository/Create New Mitra/android.widget.EditText - Masukkan markup harga"), 0): Tapped on element 'Object Repository/Mobile Repository/Create New Mitra/android.widget.EditText - Masukkan markup harga'

2023-07-20 21:34:23 - [MESSAGE][WARNING] - Timeout '0' is invalid. Using default page load timeout: '10'

2023-07-20 21:34:24 - [MESSAGE][PASSED] - Tapped on element 'Object Repository/Mobile Repository/Create New Mitra/android.widget.EditText - Masukkan markup harga'

2023-07-20 21:34:24 - [TEST_STEP][PASSED] - setText(findTestObject("Mobile Repository/Create New Mitra/android.widget.EditText - Masukkan markup harga"), "10", 0): Text '10' has been set to element 'Object Repository/Mobile Repository/Create New Mitra/android.widget.EditText - Masukkan markup harga'

2023-07-20 21:34:24 - [MESSAGE][WARNING] - Timeout '0' is invalid. Using default page load timeout: '10'

2023-07-20 21:34:26 - [MESSAGE][PASSED] - Text '10' has been set to element 'Object Repository/Mobile Repository/Create New Mitra/android.widget.EditText - Masukkan markup harga'

2023-07-20 21:34:26 - [TEST_STEP][PASSED] - hideKeyboard(): Keyboard is hidden

2023-07-20 21:34:26 - [MESSAGE][PASSED] - Keyboard is hidden

2023-07-20 21:34:26 - [TEST_STEP][PASSED] - pressBack(): Press back button successfully

2023-07-20 21:34:27 - [MESSAGE][PASSED] - Press back button successfully

2023-07-20 21:34:27 - [TEST_STEP][PASSED] - pressBack(): Press back button successfully

2023-07-20 21:34:28 - [MESSAGE][PASSED] - Press back button successfully

2023-07-20 21:34:28 - [TEST_STEP][PASSED] - pressBack(): Press back button successfully

2023-07-20 21:34:29 - [MESSAGE][PASSED] - Press back button successfully]]></system-out>
         <system-err><![CDATA[]]></system-err>
      </testcase>
      <system-out><![CDATA[2023-07-20 21:33:08 - [TEST_SUITE][PASSED] - TS001_create new Mitra (positive): Test Cases/Mobile Test Case/MTC001_create new Mitra (positive)]]></system-out>
      <system-err><![CDATA[]]></system-err>
   </testsuite>
</testsuites>
